#
# A fatal error has been detected by the Java Runtime Environment:
#
#  EXCEPTION_UNCAUGHT_CXX_EXCEPTION (0xe06d7363) at pc=0x00007ff8371c536c, pid=16456, tid=6280
#
# JRE version: OpenJDK Runtime Environment Temurin-11.0.13+8 (11.0.13+8) (build 11.0.13+8)
# Java VM: OpenJDK 64-Bit Server VM Temurin-11.0.13+8 (11.0.13+8, mixed mode, tiered, compressed oops, g1 gc, windows-amd64)
# Problematic frame:
# C  [KERNELBASE.dll+0x6536c]
#
# No core dump will be written. Minidumps are not enabled by default on client versions of Windows
#
# If you would like to submit a bug report, please visit:
#   https://github.com/adoptium/adoptium-support/issues
# The crash happened outside the Java Virtual Machine in native code.
# See problematic frame for where to report the bug.
#

---------------  S U M M A R Y ------------

Command Line: 

Host: 11th Gen Intel(R) Core(TM) i7-11700F @ 2.50GHz, 16 cores, 15G,  Windows 10 , 64 bit Build 22621 (10.0.22621.1635)
Time: Thu May 11 10:41:15 2023 中国标准时间 elapsed time: 35.846037 seconds (0d 0h 0m 35s)

---------------  T H R E A D  ---------------

Current thread (0x000001423393b800):  JavaThread "main" [_thread_in_native, id=6280, stack(0x000000079e400000,0x000000079e5f0000)]

Stack: [0x000000079e400000,0x000000079e5f0000],  sp=0x000000079e5e7bd0,  free space=1950k
Native frames: (J=compiled Java code, j=interpreted, Vv=VM code, C=native code)
C  [KERNELBASE.dll+0x6536c]
C  [VCRUNTIME140.dll+0x6220]
C  [_jpype.cp39-win_amd64.pyd+0x3bddf]
C  [_jpype.cp39-win_amd64.pyd+0x2afcb]
C  0x000001423729f6d7

Java frames: (J=compiled Java code, j=interpreted, Vv=VM code)
j  org.jpype.manager.TypeFactoryNative.newWrapper(JJ)V+0
j  org.jpype.JPypeContext.newWrapper(J)V+16
v  ~StubRoutines::call_stub
j  org.jpype.manager.TypeFactoryNative.newWrapper(JJ)V+0
j  org.jpype.JPypeContext.newWrapper(J)V+16
v  ~StubRoutines::call_stub

siginfo: EXCEPTION_UNCAUGHT_CXX_EXCEPTION (0xe06d7363), ExceptionInformation=0x0000000019930520 0x000000079e5e7db0 0x00007ff80c7f6e30 0x00007ff80c790000 


Register to memory mapping:

RIP=0x00007ff8371c536c KERNELBASE.dll
RAX=0x0000000000000009 is an unknown value
RBX=0x00007ff80c7f6e30 _jpype.cp39-win_amd64.pyd
RCX=0x000001425d3db7f0 points into unknown readable memory: 0x6f6f486775626564 | 64 65 62 75 67 48 6f 6f
RDX=0x00007ff80c7a757e _jpype.cp39-win_amd64.pyd
RSP=0x000000079e5e7bd0 is pointing into the stack for thread: 0x000001423393b800
RBP=0x000000079e5e7e10 is pointing into the stack for thread: 0x000001423393b800
RSI=0x000000079e5e7db0 is pointing into the stack for thread: 0x000001423393b800
RDI=0x0000000019930520 is an unknown value
R8 =0x000000079e5e7128 is pointing into the stack for thread: 0x000001423393b800
R9 =0x0 is NULL
R10=0x00007ff83974d19a ntdll.dll
R11=0x00000000000a004a is an unknown value
R12=0x00000142349afc40 points into unknown readable memory: 0x0000000000000003 | 03 00 00 00 00 00 00 00
R13=0x000000079e5e7f00 is pointing into the stack for thread: 0x000001423393b800
R14=0x000001425c745270 points into unknown readable memory: 0x00007ff80c7e2d60 | 60 2d 7e 0c f8 7f 00 00
R15=0x0 is NULL


Registers:
RAX=0x0000000000000009, RBX=0x00007ff80c7f6e30, RCX=0x000001425d3db7f0, RDX=0x00007ff80c7a757e
RSP=0x000000079e5e7bd0, RBP=0x000000079e5e7e10, RSI=0x000000079e5e7db0, RDI=0x0000000019930520
R8 =0x000000079e5e7128, R9 =0x0000000000000000, R10=0x00007ff83974d19a, R11=0x00000000000a004a
R12=0x00000142349afc40, R13=0x000000079e5e7f00, R14=0x000001425c745270, R15=0x0000000000000000
RIP=0x00007ff8371c536c, EFLAGS=0x0000000000000206

Top of Stack: (sp=0x000000079e5e7bd0)
0x000000079e5e7bd0:   000001422e368ff0 00007ff80c7f6e30
0x000000079e5e7be0:   000000079e5e7db0 000000079e5e7d48
0x000000079e5e7bf0:   00000081e06d7363 0000000000000000
0x000000079e5e7c00:   00007ff8371c536c 0000000000000004
0x000000079e5e7c10:   0000000019930520 000000079e5e7db0
0x000000079e5e7c20:   00007ff80c7f6e30 00007ff80c790000
0x000000079e5e7c30:   0000014200000000 00007ff80c7c0000
0x000000079e5e7c40:   0000000000000000 00007ff80c7f6e30
0x000000079e5e7c50:   000001425c745270 00007ff83978655f
0x000000079e5e7c60:   000000079e5e7cd0 00007ff80c7fe000
0x000000079e5e7c70:   000000079e5e7db0 0000000019930520
0x000000079e5e7c80:   00007ff80c7fe000 00007ff80c790000
0x000000079e5e7c90:   0000d7eec5f702e8 0000000000000007
0x000000079e5e7ca0:   00007ff80c7f6e30 00007fffe3d96220
0x000000079e5e7cb0:   0000014254abd158 00000142349e5ec0
0x000000079e5e7cc0:   000000079e5e7db0 00007ff80c7a8290 

Instructions: (pc=0x00007ff8371c536c)
0x00007ff8371c526c:   ff 4c 8d 05 4c 3d 2c 00 33 d2 b9 00 00 10 00 e8
0x00007ff8371c527c:   b0 98 fd ff 4c 8b f0 48 89 44 24 58 48 85 c0 0f
0x00007ff8371c528c:   84 0b fe ff ff 4c 8d 05 40 3d 2c 00 33 d2 8d 4a
0x00007ff8371c529c:   02 e8 8e 98 fd ff 48 8b f8 48 89 44 24 50 e9 ed
0x00007ff8371c52ac:   fd ff ff 45 33 c0 49 8b d7 48 83 c9 ff e8 c2 64
0x00007ff8371c52bc:   01 00 e9 08 ff ff ff 48 8b 0d 06 19 2f 00 e8 f1
0x00007ff8371c52cc:   16 fd ff 48 8b cf e8 a9 f0 fb ff e9 f8 fe ff ff
0x00007ff8371c52dc:   49 8b ce e8 9c f0 fb ff e9 f4 fe ff ff 48 8b ce
0x00007ff8371c52ec:   e8 8f f0 fb ff e9 f0 fe ff ff cc cc 71 18 d3 7a
0x00007ff8371c52fc:   1a 87 89 f9 48 81 ec d8 00 00 00 48 8b 05 72 ec
0x00007ff8371c530c:   2e 00 48 33 c4 48 89 84 24 c0 00 00 00 48 83 64
0x00007ff8371c531c:   24 28 00 48 8d 05 da ff ff ff 83 e2 01 89 4c 24
0x00007ff8371c532c:   20 89 54 24 24 48 89 44 24 30 4d 85 c9 74 4f b8
0x00007ff8371c533c:   0f 00 00 00 48 8d 4c 24 40 44 3b c0 49 8b d1 41
0x00007ff8371c534c:   0f 46 c0 44 8b c0 44 89 44 24 38 49 c1 e0 03 e8
0x00007ff8371c535c:   87 d0 05 00 48 8d 4c 24 20 48 ff 15 e4 9b 1f 00
0x00007ff8371c536c:   0f 1f 44 00 00 48 8b 8c 24 c0 00 00 00 48 33 cc
0x00007ff8371c537c:   e8 0f 29 05 00 48 81 c4 d8 00 00 00 c3 cc 83 64
0x00007ff8371c538c:   24 38 00 eb cf cc cc cc cc cc cc cc 48 8b c4 48
0x00007ff8371c539c:   89 58 08 48 89 70 10 48 89 78 18 4c 89 68 20 55
0x00007ff8371c53ac:   41 56 41 57 48 8d 68 a1 48 81 ec e0 00 00 00 48
0x00007ff8371c53bc:   8b 05 be eb 2e 00 48 33 c4 48 89 45 3f 45 33 ff
0x00007ff8371c53cc:   66 c7 45 2b 00 05 48 8d 45 c7 44 89 7d 27 48 89
0x00007ff8371c53dc:   44 24 50 48 8d 4d 27 44 89 7c 24 48 45 33 c9 44
0x00007ff8371c53ec:   89 7c 24 40 45 8d 47 12 44 89 7c 24 38 b2 01 44
0x00007ff8371c53fc:   89 7c 24 30 41 8b df 44 89 7c 24 28 41 8b ff 44
0x00007ff8371c540c:   89 7c 24 20 45 8b f7 44 89 7d 2f 66 c7 45 33 00
0x00007ff8371c541c:   01 44 89 7d 37 66 c7 45 3b 00 10 4c 89 7d c7 4c
0x00007ff8371c542c:   89 7d cf 4c 89 7d d7 4c 89 7d df 48 ff 15 32 9c
0x00007ff8371c543c:   1f 00 0f 1f 44 00 00 85 c0 0f 88 a7 02 00 00 48
0x00007ff8371c544c:   8d 45 cf 41 b9 20 02 00 00 48 89 44 24 50 45 8d
0x00007ff8371c545c:   6f 02 44 89 7c 24 48 45 8d 47 20 44 89 7c 24 40 


Stack slot to memory mapping:
stack at sp + 0 slots: 0x000001422e368ff0 points into unknown readable memory: 0x0000000000000000 | 00 00 00 00 00 00 00 00
stack at sp + 1 slots: 0x00007ff80c7f6e30 _jpype.cp39-win_amd64.pyd
stack at sp + 2 slots: 0x000000079e5e7db0 is pointing into the stack for thread: 0x000001423393b800
stack at sp + 3 slots: 0x000000079e5e7d48 is pointing into the stack for thread: 0x000001423393b800
stack at sp + 4 slots: 0x00000081e06d7363 is an unknown value
stack at sp + 5 slots: 0x0 is NULL
stack at sp + 6 slots: 0x00007ff8371c536c KERNELBASE.dll
stack at sp + 7 slots: 0x0000000000000004 is an unknown value


---------------  P R O C E S S  ---------------

Threads class SMR info:
_java_thread_list=0x000001425bcf4830, length=22, elements={
0x000001423393b800, 0x000001423393e000, 0x0000014233938800, 0x0000014233939000,
0x000001423393f000, 0x000001423393a000, 0x000001423405f800, 0x0000014234063800,
0x0000014234064800, 0x000001423393f800, 0x0000014233940800, 0x000001423393a800,
0x0000014233941800, 0x0000014233942000, 0x000001423393d000, 0x000001423393c800,
0x0000014254de3000, 0x00000142554f2000, 0x0000014257e2d000, 0x00000142548f4000,
0x0000014254c38000, 0x000001425882d800
}

Java Threads: ( => current thread )
=>0x000001423393b800 JavaThread "main" [_thread_in_native, id=6280, stack(0x000000079e400000,0x000000079e5f0000)]
  0x000001423393e000 JavaThread "Reference Handler" daemon [_thread_blocked, id=19396, stack(0x00000007a1300000,0x00000007a14f0000)]
  0x0000014233938800 JavaThread "Finalizer" daemon [_thread_blocked, id=18256, stack(0x00000007a14f0000,0x00000007a16e0000)]
  0x0000014233939000 JavaThread "Signal Dispatcher" daemon [_thread_blocked, id=17640, stack(0x00000007a16e0000,0x00000007a18d0000)]
  0x000001423393f000 JavaThread "Attach Listener" daemon [_thread_blocked, id=9872, stack(0x00000007a18d0000,0x00000007a1ac0000)]
  0x000001423393a000 JavaThread "Service Thread" daemon [_thread_blocked, id=18140, stack(0x00000007a1ac0000,0x00000007a1cb0000)]
  0x000001423405f800 JavaThread "C2 CompilerThread0" daemon [_thread_blocked, id=20144, stack(0x00000007a1cb0000,0x00000007a1ea0000)]
  0x0000014234063800 JavaThread "C1 CompilerThread0" daemon [_thread_blocked, id=10412, stack(0x00000007a1ea0000,0x00000007a2090000)]
  0x0000014234064800 JavaThread "Sweeper thread" daemon [_thread_blocked, id=18124, stack(0x00000007a2090000,0x00000007a2280000)]
  0x000001423393f800 JavaThread "Common-Cleaner" daemon [_thread_blocked, id=14928, stack(0x00000007a2660000,0x00000007a2850000)]
  0x0000014233940800 JavaThread "Python Reference Queue" daemon [_thread_blocked, id=5084, stack(0x00000007a2850000,0x00000007a2a40000)]
  0x000001423393a800 JavaThread "Thread-2" daemon [_thread_blocked, id=18988, stack(0x00000007a56d0000,0x00000007a58c0000)]
  0x0000014233941800 JavaThread "EMF Reference Cleaner" daemon [_thread_blocked, id=1336, stack(0x00000007a5100000,0x00000007a52f0000)]
  0x0000014233942000 JavaThread "pool-2-thread-1" [_thread_blocked, id=16624, stack(0x00000007a2280000,0x00000007a2470000)]
  0x000001423393d000 JavaThread "pool-3-thread-1" [_thread_blocked, id=19124, stack(0x00000007a2e20000,0x00000007a3010000)]
  0x000001423393c800 JavaThread "pool-4-thread-1" [_thread_blocked, id=9236, stack(0x00000007a4f10000,0x00000007a5100000)]
  0x0000014254de3000 JavaThread "C1 CompilerThread1" daemon [_thread_blocked, id=14236, stack(0x00000007a6f00000,0x00000007a70f0000)]
  0x00000142554f2000 JavaThread "C1 CompilerThread2" daemon [_thread_blocked, id=11852, stack(0x00000007a70f0000,0x00000007a72e0000)]
  0x0000014257e2d000 JavaThread "C1 CompilerThread3" daemon [_thread_blocked, id=11816, stack(0x00000007a78b0000,0x00000007a7aa0000)]
  0x00000142548f4000 JavaThread "C2 CompilerThread1" daemon [_thread_blocked, id=7880, stack(0x00000007a6d10000,0x00000007a6f00000)]
  0x0000014254c38000 JavaThread "C2 CompilerThread2" daemon [_thread_blocked, id=4180, stack(0x00000007a72e0000,0x00000007a74d0000)]
  0x000001425882d800 JavaThread "C2 CompilerThread3" daemon [_thread_blocked, id=9836, stack(0x00000007a7aa0000,0x00000007a7c90000)]

Other Threads:
  0x0000014233ff4000 VMThread "VM Thread" [stack: 0x00000007a1110000,0x00000007a1300000] [id=12432]
  0x0000014234087000 WatcherThread [stack: 0x00000007a2470000,0x00000007a2660000] [id=13208]
  0x0000014233ca1800 GCTaskThread "GC Thread#0" [stack: 0x00000007a0760000,0x00000007a0950000] [id=9120]
  0x00000142544f8800 GCTaskThread "GC Thread#1" [stack: 0x00000007a3010000,0x00000007a3200000] [id=11404]
  0x0000014233987800 GCTaskThread "GC Thread#2" [stack: 0x00000007a3200000,0x00000007a33f0000] [id=4868]
  0x0000014233988800 GCTaskThread "GC Thread#3" [stack: 0x00000007a33f0000,0x00000007a35e0000] [id=5476]
  0x000001425484b800 GCTaskThread "GC Thread#4" [stack: 0x00000007a35e0000,0x00000007a37d0000] [id=17832]
  0x00000142550dd800 GCTaskThread "GC Thread#5" [stack: 0x00000007a37d0000,0x00000007a39c0000] [id=8900]
  0x0000014254b43800 GCTaskThread "GC Thread#6" [stack: 0x00000007a74d0000,0x00000007a76c0000] [id=6264]
  0x0000014256091000 GCTaskThread "GC Thread#7" [stack: 0x00000007a76c0000,0x00000007a78b0000] [id=16568]
  0x00000142327d2000 ConcurrentGCThread "G1 Main Marker" [stack: 0x00000007a0950000,0x00000007a0b40000] [id=6032]
  0x0000014233d01000 ConcurrentGCThread "G1 Conc#0" [stack: 0x00000007a0b40000,0x00000007a0d30000] [id=15756]
  0x000001425453a800 ConcurrentGCThread "G1 Conc#1" [stack: 0x00000007a2a40000,0x00000007a2c30000] [id=14472]
  0x000001423464e800 ConcurrentGCThread "G1 Conc#2" [stack: 0x00000007a2c30000,0x00000007a2e20000] [id=16108]
  0x00000142327d3800 ConcurrentGCThread "G1 Refine#0" [stack: 0x00000007a0d30000,0x00000007a0f20000] [id=16140]
  0x00000142327d2800 ConcurrentGCThread "G1 Refine#1" [stack: 0x00000007a39c0000,0x00000007a3bb0000] [id=9344]
  0x00000142327cd000 ConcurrentGCThread "G1 Refine#2" [stack: 0x00000007a3bb0000,0x00000007a3da0000] [id=10500]
  0x00000142327d4000 ConcurrentGCThread "G1 Refine#3" [stack: 0x00000007a3da0000,0x00000007a3f90000] [id=11192]
  0x00000142327cd800 ConcurrentGCThread "G1 Refine#4" [stack: 0x00000007a3f90000,0x00000007a4180000] [id=2280]
  0x00000142327ce800 ConcurrentGCThread "G1 Refine#5" [stack: 0x00000007a4180000,0x00000007a4370000] [id=7940]
  0x00000142327cf000 ConcurrentGCThread "G1 Refine#6" [stack: 0x00000007a4370000,0x00000007a4560000] [id=15396]
  0x00000142327cf800 ConcurrentGCThread "G1 Refine#7" [stack: 0x00000007a4560000,0x00000007a4750000] [id=18824]
  0x00000142566c1800 ConcurrentGCThread "G1 Refine#8" [stack: 0x00000007a4750000,0x00000007a4940000] [id=1896]
  0x00000142566be000 ConcurrentGCThread "G1 Refine#9" [stack: 0x00000007a4940000,0x00000007a4b30000] [id=1920]
  0x00000142566bc000 ConcurrentGCThread "G1 Refine#10" [stack: 0x00000007a4b30000,0x00000007a4d20000] [id=7752]
  0x00000142566bf000 ConcurrentGCThread "G1 Refine#11" [stack: 0x00000007a4d20000,0x00000007a4f10000] [id=14940]
  0x000001423375d800 ConcurrentGCThread "G1 Young RemSet Sampling" [stack: 0x00000007a0f20000,0x00000007a1110000] [id=8208]

Threads with active compile tasks:

VM state:not at safepoint (normal execution)

VM Mutex/Monitor currently owned by a thread: None

Heap address: 0x00000004d7800000, size: 4042 MB, Compressed Oops mode: Zero based, Oop shift amount: 3
Narrow klass base: 0x0000000000000000, Narrow klass shift: 3
Compressed class space size: 1073741824 Address: 0x00000005d4200000

Heap:
 garbage-first heap   total 242688K, used 97646K [0x00000004d7800000, 0x00000005d4200000)
  region size 1024K, 3 young (3072K), 0 survivors (0K)
 Metaspace       used 88001K, capacity 89577K, committed 89728K, reserved 1128448K
  class space    used 10915K, capacity 11522K, committed 11648K, reserved 1048576K
Heap Regions: E=young(eden), S=young(survivor), O=old, HS=humongous(starts), HC=humongous(continues), CS=collection set, F=free, A=archive, TAMS=top-at-mark-start (previous, next)
|   0|0x00000004d7800000, 0x00000004d7900000, 0x00000004d7900000|100%|HS|  |TAMS 0x00000004d7800000, 0x00000004d7800000| Untracked 
|   1|0x00000004d7900000, 0x00000004d79ffff8, 0x00000004d7a00000| 99%| O|  |TAMS 0x00000004d7900000, 0x00000004d7900000| Untracked 
|   2|0x00000004d7a00000, 0x00000004d7b00000, 0x00000004d7b00000|100%|HS|  |TAMS 0x00000004d7a00000, 0x00000004d7a00000| Untracked 
|   3|0x00000004d7b00000, 0x00000004d7c00000, 0x00000004d7c00000|100%|HC|  |TAMS 0x00000004d7b00000, 0x00000004d7b00000| Untracked 
|   4|0x00000004d7c00000, 0x00000004d7d00000, 0x00000004d7d00000|100%|HS|  |TAMS 0x00000004d7c00000, 0x00000004d7c00000| Untracked 
|   5|0x00000004d7d00000, 0x00000004d7e00000, 0x00000004d7e00000|100%|HC|  |TAMS 0x00000004d7d00000, 0x00000004d7d00000| Untracked 
|   6|0x00000004d7e00000, 0x00000004d7f00000, 0x00000004d7f00000|100%|HC|  |TAMS 0x00000004d7e00000, 0x00000004d7e00000| Untracked 
|   7|0x00000004d7f00000, 0x00000004d8000000, 0x00000004d8000000|100%|HC|  |TAMS 0x00000004d7f00000, 0x00000004d7f00000| Untracked 
|   8|0x00000004d8000000, 0x00000004d8100000, 0x00000004d8100000|100%|HS|  |TAMS 0x00000004d8000000, 0x00000004d8000000| Untracked 
|   9|0x00000004d8100000, 0x00000004d81fffe0, 0x00000004d8200000| 99%| O|  |TAMS 0x00000004d8100000, 0x00000004d8100000| Untracked 
|  10|0x00000004d8200000, 0x00000004d82ffff8, 0x00000004d8300000| 99%| O|  |TAMS 0x00000004d8200000, 0x00000004d8200000| Untracked 
|  11|0x00000004d8300000, 0x00000004d8400000, 0x00000004d8400000|100%| O|  |TAMS 0x00000004d8300000, 0x00000004d8300000| Untracked 
|  12|0x00000004d8400000, 0x00000004d84ffff8, 0x00000004d8500000| 99%| O|  |TAMS 0x00000004d8400000, 0x00000004d8400000| Untracked 
|  13|0x00000004d8500000, 0x00000004d85fb6a0, 0x00000004d8600000| 98%| O|  |TAMS 0x00000004d8500000, 0x00000004d8500000| Untracked 
|  14|0x00000004d8600000, 0x00000004d8700000, 0x00000004d8700000|100%| O|  |TAMS 0x00000004d8600000, 0x00000004d8600000| Untracked 
|  15|0x00000004d8700000, 0x00000004d87fffd0, 0x00000004d8800000| 99%| O|  |TAMS 0x00000004d8700000, 0x00000004d8700000| Untracked 
|  16|0x00000004d8800000, 0x00000004d88ffff8, 0x00000004d8900000| 99%| O|  |TAMS 0x00000004d8800000, 0x00000004d8800000| Untracked 
|  17|0x00000004d8900000, 0x00000004d89ffff8, 0x00000004d8a00000| 99%| O|  |TAMS 0x00000004d8900000, 0x00000004d8900000| Untracked 
|  18|0x00000004d8a00000, 0x00000004d8affff0, 0x00000004d8b00000| 99%| O|  |TAMS 0x00000004d8a00000, 0x00000004d8a00000| Untracked 
|  19|0x00000004d8b00000, 0x00000004d8bfffe8, 0x00000004d8c00000| 99%| O|  |TAMS 0x00000004d8b00000, 0x00000004d8b00000| Untracked 
|  20|0x00000004d8c00000, 0x00000004d8d00000, 0x00000004d8d00000|100%| O|  |TAMS 0x00000004d8c00000, 0x00000004d8c00000| Untracked 
|  21|0x00000004d8d00000, 0x00000004d8e00000, 0x00000004d8e00000|100%|HS|  |TAMS 0x00000004d8d00000, 0x00000004d8d00000| Untracked 
|  22|0x00000004d8e00000, 0x00000004d8effff8, 0x00000004d8f00000| 99%| O|  |TAMS 0x00000004d8e00000, 0x00000004d8e00000| Untracked 
|  23|0x00000004d8f00000, 0x00000004d8ffffc0, 0x00000004d9000000| 99%| O|  |TAMS 0x00000004d8f00000, 0x00000004d8f00000| Untracked 
|  24|0x00000004d9000000, 0x00000004d90fffb8, 0x00000004d9100000| 99%| O|  |TAMS 0x00000004d9000000, 0x00000004d9000000| Untracked 
|  25|0x00000004d9100000, 0x00000004d91fffe8, 0x00000004d9200000| 99%| O|  |TAMS 0x00000004d9100000, 0x00000004d9100000| Untracked 
|  26|0x00000004d9200000, 0x00000004d92fffd8, 0x00000004d9300000| 99%| O|  |TAMS 0x00000004d9200000, 0x00000004d9200000| Untracked 
|  27|0x00000004d9300000, 0x00000004d93ffff8, 0x00000004d9400000| 99%| O|  |TAMS 0x00000004d9300000, 0x00000004d9300000| Untracked 
|  28|0x00000004d9400000, 0x00000004d9500000, 0x00000004d9500000|100%| O|  |TAMS 0x00000004d9400000, 0x00000004d9400000| Untracked 
|  29|0x00000004d9500000, 0x00000004d95ffff0, 0x00000004d9600000| 99%| O|  |TAMS 0x00000004d9500000, 0x00000004d9500000| Untracked 
|  30|0x00000004d9600000, 0x00000004d96ffff8, 0x00000004d9700000| 99%| O|  |TAMS 0x00000004d9600000, 0x00000004d9600000| Untracked 
|  31|0x00000004d9700000, 0x00000004d97fffe8, 0x00000004d9800000| 99%| O|  |TAMS 0x00000004d9700000, 0x00000004d9700000| Untracked 
|  32|0x00000004d9800000, 0x00000004d9900000, 0x00000004d9900000|100%| O|  |TAMS 0x00000004d9800000, 0x00000004d9800000| Untracked 
|  33|0x00000004d9900000, 0x00000004d99ffff8, 0x00000004d9a00000| 99%| O|  |TAMS 0x00000004d9900000, 0x00000004d9900000| Untracked 
|  34|0x00000004d9a00000, 0x00000004d9affff8, 0x00000004d9b00000| 99%| O|  |TAMS 0x00000004d9a00000, 0x00000004d9a00000| Untracked 
|  35|0x00000004d9b00000, 0x00000004d9bfffe8, 0x00000004d9c00000| 99%| O|  |TAMS 0x00000004d9b00000, 0x00000004d9b00000| Untracked 
|  36|0x00000004d9c00000, 0x00000004d9cffff0, 0x00000004d9d00000| 99%| O|  |TAMS 0x00000004d9c00000, 0x00000004d9c00000| Untracked 
|  37|0x00000004d9d00000, 0x00000004d9dffff0, 0x00000004d9e00000| 99%| O|  |TAMS 0x00000004d9d00000, 0x00000004d9d00000| Untracked 
|  38|0x00000004d9e00000, 0x00000004d9efffd0, 0x00000004d9f00000| 99%| O|  |TAMS 0x00000004d9e00000, 0x00000004d9e00000| Untracked 
|  39|0x00000004d9f00000, 0x00000004d9ffffe0, 0x00000004da000000| 99%| O|  |TAMS 0x00000004d9f00000, 0x00000004d9f00000| Untracked 
|  40|0x00000004da000000, 0x00000004da0ffff0, 0x00000004da100000| 99%| O|  |TAMS 0x00000004da000000, 0x00000004da000000| Untracked 
|  41|0x00000004da100000, 0x00000004da1fffe0, 0x00000004da200000| 99%| O|  |TAMS 0x00000004da100000, 0x00000004da100000| Untracked 
|  42|0x00000004da200000, 0x00000004da2fff20, 0x00000004da300000| 99%| O|  |TAMS 0x00000004da200000, 0x00000004da200000| Untracked 
|  43|0x00000004da300000, 0x00000004da3ffff0, 0x00000004da400000| 99%| O|  |TAMS 0x00000004da300000, 0x00000004da300000| Untracked 
|  44|0x00000004da400000, 0x00000004da4ffff8, 0x00000004da500000| 99%| O|  |TAMS 0x00000004da400000, 0x00000004da400000| Untracked 
|  45|0x00000004da500000, 0x00000004da5ffff0, 0x00000004da600000| 99%| O|  |TAMS 0x00000004da500000, 0x00000004da500000| Untracked 
|  46|0x00000004da600000, 0x00000004da700000, 0x00000004da700000|100%| O|  |TAMS 0x00000004da600000, 0x00000004da600000| Untracked 
|  47|0x00000004da700000, 0x00000004da7ffff0, 0x00000004da800000| 99%| O|  |TAMS 0x00000004da700000, 0x00000004da700000| Untracked 
|  48|0x00000004da800000, 0x00000004da8ffff0, 0x00000004da900000| 99%| O|  |TAMS 0x00000004da800000, 0x00000004da800000| Untracked 
|  49|0x00000004da900000, 0x00000004da9ffff0, 0x00000004daa00000| 99%| O|  |TAMS 0x00000004da900000, 0x00000004da900000| Untracked 
|  50|0x00000004daa00000, 0x00000004daafffd0, 0x00000004dab00000| 99%| O|  |TAMS 0x00000004daa00000, 0x00000004daa00000| Untracked 
|  51|0x00000004dab00000, 0x00000004dabfffa8, 0x00000004dac00000| 99%| O|  |TAMS 0x00000004dab00000, 0x00000004dab00000| Untracked 
|  52|0x00000004dac00000, 0x00000004dacfffd8, 0x00000004dad00000| 99%| O|  |TAMS 0x00000004dac00000, 0x00000004dac00000| Untracked 
|  53|0x00000004dad00000, 0x00000004dadffff8, 0x00000004dae00000| 99%| O|  |TAMS 0x00000004dad00000, 0x00000004dad00000| Untracked 
|  54|0x00000004dae00000, 0x00000004daefffd0, 0x00000004daf00000| 99%| O|  |TAMS 0x00000004dae00000, 0x00000004dae00000| Untracked 
|  55|0x00000004daf00000, 0x00000004db000000, 0x00000004db000000|100%| O|  |TAMS 0x00000004daf00000, 0x00000004daf00000| Untracked 
|  56|0x00000004db000000, 0x00000004db0ffff8, 0x00000004db100000| 99%| O|  |TAMS 0x00000004db000000, 0x00000004db000000| Untracked 
|  57|0x00000004db100000, 0x00000004db1ffdd0, 0x00000004db200000| 99%| O|  |TAMS 0x00000004db100000, 0x00000004db100000| Untracked 
|  58|0x00000004db200000, 0x00000004db2ffff8, 0x00000004db300000| 99%| O|  |TAMS 0x00000004db200000, 0x00000004db200000| Untracked 
|  59|0x00000004db300000, 0x00000004db3ffb50, 0x00000004db400000| 99%| O|  |TAMS 0x00000004db300000, 0x00000004db300000| Untracked 
|  60|0x00000004db400000, 0x00000004db4fffe8, 0x00000004db500000| 99%| O|  |TAMS 0x00000004db400000, 0x00000004db400000| Untracked 
|  61|0x00000004db500000, 0x00000004db5fffe0, 0x00000004db600000| 99%| O|  |TAMS 0x00000004db500000, 0x00000004db500000| Untracked 
|  62|0x00000004db600000, 0x00000004db6fff98, 0x00000004db700000| 99%| O|  |TAMS 0x00000004db600000, 0x00000004db600000| Untracked 
|  63|0x00000004db700000, 0x00000004db7fffc0, 0x00000004db800000| 99%| O|  |TAMS 0x00000004db700000, 0x00000004db700000| Untracked 
|  64|0x00000004db800000, 0x00000004db8ffff8, 0x00000004db900000| 99%| O|  |TAMS 0x00000004db800000, 0x00000004db800000| Untracked 
|  65|0x00000004db900000, 0x00000004db9ffff0, 0x00000004dba00000| 99%| O|  |TAMS 0x00000004db900000, 0x00000004db900000| Untracked 
|  66|0x00000004dba00000, 0x00000004dbaffff8, 0x00000004dbb00000| 99%| O|  |TAMS 0x00000004dba00000, 0x00000004dba00000| Untracked 
|  67|0x00000004dbb00000, 0x00000004dbbfffd8, 0x00000004dbc00000| 99%| O|  |TAMS 0x00000004dbb00000, 0x00000004dbb00000| Untracked 
|  68|0x00000004dbc00000, 0x00000004dbcffff8, 0x00000004dbd00000| 99%| O|  |TAMS 0x00000004dbc00000, 0x00000004dbc00000| Untracked 
|  69|0x00000004dbd00000, 0x00000004dbdffff0, 0x00000004dbe00000| 99%| O|  |TAMS 0x00000004dbd00000, 0x00000004dbd00000| Untracked 
|  70|0x00000004dbe00000, 0x00000004dbefffd0, 0x00000004dbf00000| 99%| O|  |TAMS 0x00000004dbe00000, 0x00000004dbe00000| Untracked 
|  71|0x00000004dbf00000, 0x00000004dbffffe8, 0x00000004dc000000| 99%| O|  |TAMS 0x00000004dbf00000, 0x00000004dbf00000| Untracked 
|  72|0x00000004dc000000, 0x00000004dc0fffe8, 0x00000004dc100000| 99%| O|  |TAMS 0x00000004dc000000, 0x00000004dc000000| Untracked 
|  73|0x00000004dc100000, 0x00000004dc1fffd8, 0x00000004dc200000| 99%| O|  |TAMS 0x00000004dc100000, 0x00000004dc100000| Untracked 
|  74|0x00000004dc200000, 0x00000004dc2ffff8, 0x00000004dc300000| 99%| O|  |TAMS 0x00000004dc200000, 0x00000004dc200000| Untracked 
|  75|0x00000004dc300000, 0x00000004dc3ffd48, 0x00000004dc400000| 99%| O|  |TAMS 0x00000004dc300000, 0x00000004dc300000| Untracked 
|  76|0x00000004dc400000, 0x00000004dc4fffe0, 0x00000004dc500000| 99%| O|  |TAMS 0x00000004dc400000, 0x00000004dc400000| Untracked 
|  77|0x00000004dc500000, 0x00000004dc5fffe0, 0x00000004dc600000| 99%| O|  |TAMS 0x00000004dc500000, 0x00000004dc500000| Untracked 
|  78|0x00000004dc600000, 0x00000004dc6fffb8, 0x00000004dc700000| 99%| O|  |TAMS 0x00000004dc600000, 0x00000004dc600000| Untracked 
|  79|0x00000004dc700000, 0x00000004dc7ffff8, 0x00000004dc800000| 99%| O|  |TAMS 0x00000004dc700000, 0x00000004dc700000| Untracked 
|  80|0x00000004dc800000, 0x00000004dc900000, 0x00000004dc900000|100%| O|  |TAMS 0x00000004dc800000, 0x00000004dc800000| Untracked 
|  81|0x00000004dc900000, 0x00000004dc9fffe8, 0x00000004dca00000| 99%| O|  |TAMS 0x00000004dc900000, 0x00000004dc900000| Untracked 
|  82|0x00000004dca00000, 0x00000004dcaffff0, 0x00000004dcb00000| 99%| O|  |TAMS 0x00000004dca00000, 0x00000004dca00000| Untracked 
|  83|0x00000004dcb00000, 0x00000004dcc00000, 0x00000004dcc00000|100%| O|  |TAMS 0x00000004dcb00000, 0x00000004dcb00000| Untracked 
|  84|0x00000004dcc00000, 0x00000004dccfffd8, 0x00000004dcd00000| 99%| O|  |TAMS 0x00000004dcc00000, 0x00000004dcc00000| Untracked 
|  85|0x00000004dcd00000, 0x00000004dcdfffe8, 0x00000004dce00000| 99%| O|  |TAMS 0x00000004dcd00000, 0x00000004dcd00000| Untracked 
|  86|0x00000004dce00000, 0x00000004dceffff8, 0x00000004dcf00000| 99%| O|  |TAMS 0x00000004dce00000, 0x00000004dce00000| Untracked 
|  87|0x00000004dcf00000, 0x00000004dcfffff8, 0x00000004dd000000| 99%| O|  |TAMS 0x00000004dcf00000, 0x00000004dcf00000| Untracked 
|  88|0x00000004dd000000, 0x00000004dd0ffff8, 0x00000004dd100000| 99%| O|  |TAMS 0x00000004dd000000, 0x00000004dd000000| Untracked 
|  89|0x00000004dd100000, 0x00000004dd1f2f88, 0x00000004dd200000| 94%| O|  |TAMS 0x00000004dd100000, 0x00000004dd100000| Untracked 
|  90|0x00000004dd200000, 0x00000004dd2bb6d8, 0x00000004dd300000| 73%| O|  |TAMS 0x00000004dd200000, 0x00000004dd200000| Untracked 
|  91|0x00000004dd300000, 0x00000004dd300000, 0x00000004dd400000|  0%| F|  |TAMS 0x00000004dd300000, 0x00000004dd300000| Untracked 
|  92|0x00000004dd400000, 0x00000004dd4ffff0, 0x00000004dd500000| 99%| O|  |TAMS 0x00000004dd400000, 0x00000004dd400000| Untracked 
|  93|0x00000004dd500000, 0x00000004dd500958, 0x00000004dd600000|  0%| O|  |TAMS 0x00000004dd500000, 0x00000004dd500000| Untracked 
|  94|0x00000004dd600000, 0x00000004dd6f04f0, 0x00000004dd700000| 93%| O|  |TAMS 0x00000004dd600000, 0x00000004dd600000| Untracked 
|  95|0x00000004dd700000, 0x00000004dd700000, 0x00000004dd800000|  0%| F|  |TAMS 0x00000004dd700000, 0x00000004dd700000| Untracked 
|  96|0x00000004dd800000, 0x00000004dd800000, 0x00000004dd900000|  0%| F|  |TAMS 0x00000004dd800000, 0x00000004dd800000| Untracked 
|  97|0x00000004dd900000, 0x00000004dd9c1f20, 0x00000004dda00000| 75%| O|  |TAMS 0x00000004dd900000, 0x00000004dd900000| Untracked 
|  98|0x00000004dda00000, 0x00000004dda00000, 0x00000004ddb00000|  0%| F|  |TAMS 0x00000004dda00000, 0x00000004dda00000| Untracked 
|  99|0x00000004ddb00000, 0x00000004ddb00000, 0x00000004ddc00000|  0%| F|  |TAMS 0x00000004ddb00000, 0x00000004ddb00000| Untracked 
| 100|0x00000004ddc00000, 0x00000004ddc00000, 0x00000004ddd00000|  0%| F|  |TAMS 0x00000004ddc00000, 0x00000004ddc00000| Untracked 
| 101|0x00000004ddd00000, 0x00000004ddd00000, 0x00000004dde00000|  0%| F|  |TAMS 0x00000004ddd00000, 0x00000004ddd00000| Untracked 
| 102|0x00000004dde00000, 0x00000004dde00000, 0x00000004ddf00000|  0%| F|  |TAMS 0x00000004dde00000, 0x00000004dde00000| Untracked 
| 103|0x00000004ddf00000, 0x00000004ddf00000, 0x00000004de000000|  0%| F|  |TAMS 0x00000004ddf00000, 0x00000004ddf00000| Untracked 
| 104|0x00000004de000000, 0x00000004de000000, 0x00000004de100000|  0%| F|  |TAMS 0x00000004de000000, 0x00000004de000000| Untracked 
| 105|0x00000004de100000, 0x00000004de100000, 0x00000004de200000|  0%| F|  |TAMS 0x00000004de100000, 0x00000004de100000| Untracked 
| 106|0x00000004de200000, 0x00000004de200000, 0x00000004de300000|  0%| F|  |TAMS 0x00000004de200000, 0x00000004de200000| Untracked 
| 107|0x00000004de300000, 0x00000004de300000, 0x00000004de400000|  0%| F|  |TAMS 0x00000004de300000, 0x00000004de300000| Untracked 
| 108|0x00000004de400000, 0x00000004de400000, 0x00000004de500000|  0%| F|  |TAMS 0x00000004de400000, 0x00000004de400000| Untracked 
| 109|0x00000004de500000, 0x00000004de500000, 0x00000004de600000|  0%| F|  |TAMS 0x00000004de500000, 0x00000004de500000| Untracked 
| 110|0x00000004de600000, 0x00000004de600000, 0x00000004de700000|  0%| F|  |TAMS 0x00000004de600000, 0x00000004de600000| Untracked 
| 111|0x00000004de700000, 0x00000004de700000, 0x00000004de800000|  0%| F|  |TAMS 0x00000004de700000, 0x00000004de700000| Untracked 
| 112|0x00000004de800000, 0x00000004de800000, 0x00000004de900000|  0%| F|  |TAMS 0x00000004de800000, 0x00000004de800000| Untracked 
| 113|0x00000004de900000, 0x00000004de900000, 0x00000004dea00000|  0%| F|  |TAMS 0x00000004de900000, 0x00000004de900000| Untracked 
| 114|0x00000004dea00000, 0x00000004dea00000, 0x00000004deb00000|  0%| F|  |TAMS 0x00000004dea00000, 0x00000004dea00000| Untracked 
| 115|0x00000004deb00000, 0x00000004deb00000, 0x00000004dec00000|  0%| F|  |TAMS 0x00000004deb00000, 0x00000004deb00000| Untracked 
| 116|0x00000004dec00000, 0x00000004dec00000, 0x00000004ded00000|  0%| F|  |TAMS 0x00000004dec00000, 0x00000004dec00000| Untracked 
| 117|0x00000004ded00000, 0x00000004ded00000, 0x00000004dee00000|  0%| F|  |TAMS 0x00000004ded00000, 0x00000004ded00000| Untracked 
| 118|0x00000004dee00000, 0x00000004dee00000, 0x00000004def00000|  0%| F|  |TAMS 0x00000004dee00000, 0x00000004dee00000| Untracked 
| 119|0x00000004def00000, 0x00000004def00000, 0x00000004df000000|  0%| F|  |TAMS 0x00000004def00000, 0x00000004def00000| Untracked 
| 120|0x00000004df000000, 0x00000004df000000, 0x00000004df100000|  0%| F|  |TAMS 0x00000004df000000, 0x00000004df000000| Untracked 
| 121|0x00000004df100000, 0x00000004df100000, 0x00000004df200000|  0%| F|  |TAMS 0x00000004df100000, 0x00000004df100000| Untracked 
| 122|0x00000004df200000, 0x00000004df200000, 0x00000004df300000|  0%| F|  |TAMS 0x00000004df200000, 0x00000004df200000| Untracked 
| 123|0x00000004df300000, 0x00000004df300000, 0x00000004df400000|  0%| F|  |TAMS 0x00000004df300000, 0x00000004df300000| Untracked 
| 124|0x00000004df400000, 0x00000004df400000, 0x00000004df500000|  0%| F|  |TAMS 0x00000004df400000, 0x00000004df400000| Untracked 
| 125|0x00000004df500000, 0x00000004df500000, 0x00000004df600000|  0%| F|  |TAMS 0x00000004df500000, 0x00000004df500000| Untracked 
| 126|0x00000004df600000, 0x00000004df600000, 0x00000004df700000|  0%| F|  |TAMS 0x00000004df600000, 0x00000004df600000| Untracked 
| 127|0x00000004df700000, 0x00000004df700000, 0x00000004df800000|  0%| F|  |TAMS 0x00000004df700000, 0x00000004df700000| Untracked 
| 128|0x00000004df800000, 0x00000004df800000, 0x00000004df900000|  0%| F|  |TAMS 0x00000004df800000, 0x00000004df800000| Untracked 
| 129|0x00000004df900000, 0x00000004df900000, 0x00000004dfa00000|  0%| F|  |TAMS 0x00000004df900000, 0x00000004df900000| Untracked 
| 130|0x00000004dfa00000, 0x00000004dfa00000, 0x00000004dfb00000|  0%| F|  |TAMS 0x00000004dfa00000, 0x00000004dfa00000| Untracked 
| 131|0x00000004dfb00000, 0x00000004dfb00000, 0x00000004dfc00000|  0%| F|  |TAMS 0x00000004dfb00000, 0x00000004dfb00000| Untracked 
| 132|0x00000004dfc00000, 0x00000004dfc00000, 0x00000004dfd00000|  0%| F|  |TAMS 0x00000004dfc00000, 0x00000004dfc00000| Untracked 
| 133|0x00000004dfd00000, 0x00000004dfd00000, 0x00000004dfe00000|  0%| F|  |TAMS 0x00000004dfd00000, 0x00000004dfd00000| Untracked 
| 134|0x00000004dfe00000, 0x00000004dfe00000, 0x00000004dff00000|  0%| F|  |TAMS 0x00000004dfe00000, 0x00000004dfe00000| Untracked 
| 135|0x00000004dff00000, 0x00000004dff00000, 0x00000004e0000000|  0%| F|  |TAMS 0x00000004dff00000, 0x00000004dff00000| Untracked 
| 136|0x00000004e0000000, 0x00000004e0000000, 0x00000004e0100000|  0%| F|  |TAMS 0x00000004e0000000, 0x00000004e0000000| Untracked 
| 137|0x00000004e0100000, 0x00000004e0100000, 0x00000004e0200000|  0%| F|  |TAMS 0x00000004e0100000, 0x00000004e0100000| Untracked 
| 138|0x00000004e0200000, 0x00000004e0200000, 0x00000004e0300000|  0%| F|  |TAMS 0x00000004e0200000, 0x00000004e0200000| Untracked 
| 139|0x00000004e0300000, 0x00000004e0300000, 0x00000004e0400000|  0%| F|  |TAMS 0x00000004e0300000, 0x00000004e0300000| Untracked 
| 140|0x00000004e0400000, 0x00000004e0400000, 0x00000004e0500000|  0%| F|  |TAMS 0x00000004e0400000, 0x00000004e0400000| Untracked 
| 141|0x00000004e0500000, 0x00000004e0500000, 0x00000004e0600000|  0%| F|  |TAMS 0x00000004e0500000, 0x00000004e0500000| Untracked 
| 142|0x00000004e0600000, 0x00000004e0600000, 0x00000004e0700000|  0%| F|  |TAMS 0x00000004e0600000, 0x00000004e0600000| Untracked 
| 143|0x00000004e0700000, 0x00000004e0700000, 0x00000004e0800000|  0%| F|  |TAMS 0x00000004e0700000, 0x00000004e0700000| Untracked 
| 144|0x00000004e0800000, 0x00000004e0800000, 0x00000004e0900000|  0%| F|  |TAMS 0x00000004e0800000, 0x00000004e0800000| Untracked 
| 145|0x00000004e0900000, 0x00000004e0900000, 0x00000004e0a00000|  0%| F|  |TAMS 0x00000004e0900000, 0x00000004e0900000| Untracked 
| 146|0x00000004e0a00000, 0x00000004e0a00000, 0x00000004e0b00000|  0%| F|  |TAMS 0x00000004e0a00000, 0x00000004e0a00000| Untracked 
| 147|0x00000004e0b00000, 0x00000004e0b00000, 0x00000004e0c00000|  0%| F|  |TAMS 0x00000004e0b00000, 0x00000004e0b00000| Untracked 
| 148|0x00000004e0c00000, 0x00000004e0c00000, 0x00000004e0d00000|  0%| F|  |TAMS 0x00000004e0c00000, 0x00000004e0c00000| Untracked 
| 149|0x00000004e0d00000, 0x00000004e0d00000, 0x00000004e0e00000|  0%| F|  |TAMS 0x00000004e0d00000, 0x00000004e0d00000| Untracked 
| 150|0x00000004e0e00000, 0x00000004e0e00000, 0x00000004e0f00000|  0%| F|  |TAMS 0x00000004e0e00000, 0x00000004e0e00000| Untracked 
| 151|0x00000004e0f00000, 0x00000004e0f00000, 0x00000004e1000000|  0%| F|  |TAMS 0x00000004e0f00000, 0x00000004e0f00000| Untracked 
| 152|0x00000004e1000000, 0x00000004e1000000, 0x00000004e1100000|  0%| F|  |TAMS 0x00000004e1000000, 0x00000004e1000000| Untracked 
| 153|0x00000004e1100000, 0x00000004e1100000, 0x00000004e1200000|  0%| F|  |TAMS 0x00000004e1100000, 0x00000004e1100000| Untracked 
| 154|0x00000004e1200000, 0x00000004e1200000, 0x00000004e1300000|  0%| F|  |TAMS 0x00000004e1200000, 0x00000004e1200000| Untracked 
| 155|0x00000004e1300000, 0x00000004e1300000, 0x00000004e1400000|  0%| F|  |TAMS 0x00000004e1300000, 0x00000004e1300000| Untracked 
| 156|0x00000004e1400000, 0x00000004e1400000, 0x00000004e1500000|  0%| F|  |TAMS 0x00000004e1400000, 0x00000004e1400000| Untracked 
| 157|0x00000004e1500000, 0x00000004e1500000, 0x00000004e1600000|  0%| F|  |TAMS 0x00000004e1500000, 0x00000004e1500000| Untracked 
| 158|0x00000004e1600000, 0x00000004e1600000, 0x00000004e1700000|  0%| F|  |TAMS 0x00000004e1600000, 0x00000004e1600000| Untracked 
| 159|0x00000004e1700000, 0x00000004e1700000, 0x00000004e1800000|  0%| F|  |TAMS 0x00000004e1700000, 0x00000004e1700000| Untracked 
| 160|0x00000004e1800000, 0x00000004e1800000, 0x00000004e1900000|  0%| F|  |TAMS 0x00000004e1800000, 0x00000004e1800000| Untracked 
| 161|0x00000004e1900000, 0x00000004e1900000, 0x00000004e1a00000|  0%| F|  |TAMS 0x00000004e1900000, 0x00000004e1900000| Untracked 
| 162|0x00000004e1a00000, 0x00000004e1a00000, 0x00000004e1b00000|  0%| F|  |TAMS 0x00000004e1a00000, 0x00000004e1a00000| Untracked 
| 163|0x00000004e1b00000, 0x00000004e1b00000, 0x00000004e1c00000|  0%| F|  |TAMS 0x00000004e1b00000, 0x00000004e1b00000| Untracked 
| 164|0x00000004e1c00000, 0x00000004e1c00000, 0x00000004e1d00000|  0%| F|  |TAMS 0x00000004e1c00000, 0x00000004e1c00000| Untracked 
| 165|0x00000004e1d00000, 0x00000004e1d00000, 0x00000004e1e00000|  0%| F|  |TAMS 0x00000004e1d00000, 0x00000004e1d00000| Untracked 
| 166|0x00000004e1e00000, 0x00000004e1e00000, 0x00000004e1f00000|  0%| F|  |TAMS 0x00000004e1e00000, 0x00000004e1e00000| Untracked 
| 167|0x00000004e1f00000, 0x00000004e1f00000, 0x00000004e2000000|  0%| F|  |TAMS 0x00000004e1f00000, 0x00000004e1f00000| Untracked 
| 168|0x00000004e2000000, 0x00000004e2000000, 0x00000004e2100000|  0%| F|  |TAMS 0x00000004e2000000, 0x00000004e2000000| Untracked 
| 169|0x00000004e2100000, 0x00000004e2100000, 0x00000004e2200000|  0%| F|  |TAMS 0x00000004e2100000, 0x00000004e2100000| Untracked 
| 170|0x00000004e2200000, 0x00000004e2200000, 0x00000004e2300000|  0%| F|  |TAMS 0x00000004e2200000, 0x00000004e2200000| Untracked 
| 171|0x00000004e2300000, 0x00000004e2300000, 0x00000004e2400000|  0%| F|  |TAMS 0x00000004e2300000, 0x00000004e2300000| Untracked 
| 172|0x00000004e2400000, 0x00000004e2400000, 0x00000004e2500000|  0%| F|  |TAMS 0x00000004e2400000, 0x00000004e2400000| Untracked 
| 173|0x00000004e2500000, 0x00000004e2500000, 0x00000004e2600000|  0%| F|  |TAMS 0x00000004e2500000, 0x00000004e2500000| Untracked 
| 174|0x00000004e2600000, 0x00000004e2600000, 0x00000004e2700000|  0%| F|  |TAMS 0x00000004e2600000, 0x00000004e2600000| Untracked 
| 175|0x00000004e2700000, 0x00000004e2700000, 0x00000004e2800000|  0%| F|  |TAMS 0x00000004e2700000, 0x00000004e2700000| Untracked 
| 176|0x00000004e2800000, 0x00000004e2800000, 0x00000004e2900000|  0%| F|  |TAMS 0x00000004e2800000, 0x00000004e2800000| Untracked 
| 177|0x00000004e2900000, 0x00000004e2900000, 0x00000004e2a00000|  0%| F|  |TAMS 0x00000004e2900000, 0x00000004e2900000| Untracked 
| 178|0x00000004e2a00000, 0x00000004e2a00000, 0x00000004e2b00000|  0%| F|  |TAMS 0x00000004e2a00000, 0x00000004e2a00000| Untracked 
| 179|0x00000004e2b00000, 0x00000004e2b00000, 0x00000004e2c00000|  0%| F|  |TAMS 0x00000004e2b00000, 0x00000004e2b00000| Untracked 
| 180|0x00000004e2c00000, 0x00000004e2c00000, 0x00000004e2d00000|  0%| F|  |TAMS 0x00000004e2c00000, 0x00000004e2c00000| Untracked 
| 181|0x00000004e2d00000, 0x00000004e2d00000, 0x00000004e2e00000|  0%| F|  |TAMS 0x00000004e2d00000, 0x00000004e2d00000| Untracked 
| 182|0x00000004e2e00000, 0x00000004e2e00000, 0x00000004e2f00000|  0%| F|  |TAMS 0x00000004e2e00000, 0x00000004e2e00000| Untracked 
| 183|0x00000004e2f00000, 0x00000004e2f00000, 0x00000004e3000000|  0%| F|  |TAMS 0x00000004e2f00000, 0x00000004e2f00000| Untracked 
| 184|0x00000004e3000000, 0x00000004e3000000, 0x00000004e3100000|  0%| F|  |TAMS 0x00000004e3000000, 0x00000004e3000000| Untracked 
| 185|0x00000004e3100000, 0x00000004e3100000, 0x00000004e3200000|  0%| F|  |TAMS 0x00000004e3100000, 0x00000004e3100000| Untracked 
| 186|0x00000004e3200000, 0x00000004e3200000, 0x00000004e3300000|  0%| F|  |TAMS 0x00000004e3200000, 0x00000004e3200000| Untracked 
| 187|0x00000004e3300000, 0x00000004e3300000, 0x00000004e3400000|  0%| F|  |TAMS 0x00000004e3300000, 0x00000004e3300000| Untracked 
| 188|0x00000004e3400000, 0x00000004e3400000, 0x00000004e3500000|  0%| F|  |TAMS 0x00000004e3400000, 0x00000004e3400000| Untracked 
| 189|0x00000004e3500000, 0x00000004e3500000, 0x00000004e3600000|  0%| F|  |TAMS 0x00000004e3500000, 0x00000004e3500000| Untracked 
| 190|0x00000004e3600000, 0x00000004e3600000, 0x00000004e3700000|  0%| F|  |TAMS 0x00000004e3600000, 0x00000004e3600000| Untracked 
| 191|0x00000004e3700000, 0x00000004e3700000, 0x00000004e3800000|  0%| F|  |TAMS 0x00000004e3700000, 0x00000004e3700000| Untracked 
| 192|0x00000004e3800000, 0x00000004e3800000, 0x00000004e3900000|  0%| F|  |TAMS 0x00000004e3800000, 0x00000004e3800000| Untracked 
| 193|0x00000004e3900000, 0x00000004e3900000, 0x00000004e3a00000|  0%| F|  |TAMS 0x00000004e3900000, 0x00000004e3900000| Untracked 
| 194|0x00000004e3a00000, 0x00000004e3a00000, 0x00000004e3b00000|  0%| F|  |TAMS 0x00000004e3a00000, 0x00000004e3a00000| Untracked 
| 195|0x00000004e3b00000, 0x00000004e3b00000, 0x00000004e3c00000|  0%| F|  |TAMS 0x00000004e3b00000, 0x00000004e3b00000| Untracked 
| 196|0x00000004e3c00000, 0x00000004e3c00000, 0x00000004e3d00000|  0%| F|  |TAMS 0x00000004e3c00000, 0x00000004e3c00000| Untracked 
| 197|0x00000004e3d00000, 0x00000004e3d00000, 0x00000004e3e00000|  0%| F|  |TAMS 0x00000004e3d00000, 0x00000004e3d00000| Untracked 
| 198|0x00000004e3e00000, 0x00000004e3e00000, 0x00000004e3f00000|  0%| F|  |TAMS 0x00000004e3e00000, 0x00000004e3e00000| Untracked 
| 199|0x00000004e3f00000, 0x00000004e3f00000, 0x00000004e4000000|  0%| F|  |TAMS 0x00000004e3f00000, 0x00000004e3f00000| Untracked 
| 200|0x00000004e4000000, 0x00000004e4000000, 0x00000004e4100000|  0%| F|  |TAMS 0x00000004e4000000, 0x00000004e4000000| Untracked 
| 201|0x00000004e4100000, 0x00000004e4100000, 0x00000004e4200000|  0%| F|  |TAMS 0x00000004e4100000, 0x00000004e4100000| Untracked 
| 202|0x00000004e4200000, 0x00000004e4200000, 0x00000004e4300000|  0%| F|  |TAMS 0x00000004e4200000, 0x00000004e4200000| Untracked 
| 203|0x00000004e4300000, 0x00000004e4300000, 0x00000004e4400000|  0%| F|  |TAMS 0x00000004e4300000, 0x00000004e4300000| Untracked 
| 204|0x00000004e4400000, 0x00000004e4400000, 0x00000004e4500000|  0%| F|  |TAMS 0x00000004e4400000, 0x00000004e4400000| Untracked 
| 205|0x00000004e4500000, 0x00000004e4500000, 0x00000004e4600000|  0%| F|  |TAMS 0x00000004e4500000, 0x00000004e4500000| Untracked 
| 206|0x00000004e4600000, 0x00000004e4600000, 0x00000004e4700000|  0%| F|  |TAMS 0x00000004e4600000, 0x00000004e4600000| Untracked 
| 207|0x00000004e4700000, 0x00000004e4700000, 0x00000004e4800000|  0%| F|  |TAMS 0x00000004e4700000, 0x00000004e4700000| Untracked 
| 208|0x00000004e4800000, 0x00000004e4800000, 0x00000004e4900000|  0%| F|  |TAMS 0x00000004e4800000, 0x00000004e4800000| Untracked 
| 209|0x00000004e4900000, 0x00000004e4900000, 0x00000004e4a00000|  0%| F|  |TAMS 0x00000004e4900000, 0x00000004e4900000| Untracked 
| 210|0x00000004e4a00000, 0x00000004e4a00000, 0x00000004e4b00000|  0%| F|  |TAMS 0x00000004e4a00000, 0x00000004e4a00000| Untracked 
| 211|0x00000004e4b00000, 0x00000004e4b00000, 0x00000004e4c00000|  0%| F|  |TAMS 0x00000004e4b00000, 0x00000004e4b00000| Untracked 
| 212|0x00000004e4c00000, 0x00000004e4c00000, 0x00000004e4d00000|  0%| F|  |TAMS 0x00000004e4c00000, 0x00000004e4c00000| Untracked 
| 213|0x00000004e4d00000, 0x00000004e4d00000, 0x00000004e4e00000|  0%| F|  |TAMS 0x00000004e4d00000, 0x00000004e4d00000| Untracked 
| 214|0x00000004e4e00000, 0x00000004e4e00000, 0x00000004e4f00000|  0%| F|  |TAMS 0x00000004e4e00000, 0x00000004e4e00000| Untracked 
| 215|0x00000004e4f00000, 0x00000004e4f00000, 0x00000004e5000000|  0%| F|  |TAMS 0x00000004e4f00000, 0x00000004e4f00000| Untracked 
| 216|0x00000004e5000000, 0x00000004e5000000, 0x00000004e5100000|  0%| F|  |TAMS 0x00000004e5000000, 0x00000004e5000000| Untracked 
| 217|0x00000004e5100000, 0x00000004e5100000, 0x00000004e5200000|  0%| F|  |TAMS 0x00000004e5100000, 0x00000004e5100000| Untracked 
| 218|0x00000004e5200000, 0x00000004e5200000, 0x00000004e5300000|  0%| F|  |TAMS 0x00000004e5200000, 0x00000004e5200000| Untracked 
| 219|0x00000004e5300000, 0x00000004e5300000, 0x00000004e5400000|  0%| F|  |TAMS 0x00000004e5300000, 0x00000004e5300000| Untracked 
| 220|0x00000004e5400000, 0x00000004e5400000, 0x00000004e5500000|  0%| F|  |TAMS 0x00000004e5400000, 0x00000004e5400000| Untracked 
| 221|0x00000004e5500000, 0x00000004e5500000, 0x00000004e5600000|  0%| F|  |TAMS 0x00000004e5500000, 0x00000004e5500000| Untracked 
| 222|0x00000004e5600000, 0x00000004e5600000, 0x00000004e5700000|  0%| F|  |TAMS 0x00000004e5600000, 0x00000004e5600000| Untracked 
| 223|0x00000004e5700000, 0x00000004e5700000, 0x00000004e5800000|  0%| F|  |TAMS 0x00000004e5700000, 0x00000004e5700000| Untracked 
| 224|0x00000004e5800000, 0x00000004e5800000, 0x00000004e5900000|  0%| F|  |TAMS 0x00000004e5800000, 0x00000004e5800000| Untracked 
| 225|0x00000004e5900000, 0x00000004e5900000, 0x00000004e5a00000|  0%| F|  |TAMS 0x00000004e5900000, 0x00000004e5900000| Untracked 
| 226|0x00000004e5a00000, 0x00000004e5a00000, 0x00000004e5b00000|  0%| F|  |TAMS 0x00000004e5a00000, 0x00000004e5a00000| Untracked 
| 227|0x00000004e5b00000, 0x00000004e5b00000, 0x00000004e5c00000|  0%| F|  |TAMS 0x00000004e5b00000, 0x00000004e5b00000| Untracked 
| 228|0x00000004e5c00000, 0x00000004e5c00000, 0x00000004e5d00000|  0%| F|  |TAMS 0x00000004e5c00000, 0x00000004e5c00000| Untracked 
| 229|0x00000004e5d00000, 0x00000004e5d00000, 0x00000004e5e00000|  0%| F|  |TAMS 0x00000004e5d00000, 0x00000004e5d00000| Untracked 
| 230|0x00000004e5e00000, 0x00000004e5e00000, 0x00000004e5f00000|  0%| F|  |TAMS 0x00000004e5e00000, 0x00000004e5e00000| Untracked 
| 231|0x00000004e5f00000, 0x00000004e5f00000, 0x00000004e6000000|  0%| F|  |TAMS 0x00000004e5f00000, 0x00000004e5f00000| Untracked 
| 232|0x00000004e6000000, 0x00000004e6000000, 0x00000004e6100000|  0%| F|  |TAMS 0x00000004e6000000, 0x00000004e6000000| Untracked 
| 233|0x00000004e6100000, 0x00000004e6100000, 0x00000004e6200000|  0%| F|  |TAMS 0x00000004e6100000, 0x00000004e6100000| Untracked 
| 234|0x00000004e6200000, 0x00000004e6280800, 0x00000004e6300000| 50%| E|  |TAMS 0x00000004e6200000, 0x00000004e6200000| Complete 
| 235|0x00000004e6300000, 0x00000004e6400000, 0x00000004e6400000|100%| E|CS|TAMS 0x00000004e6300000, 0x00000004e6300000| Complete 
| 236|0x00000004e6400000, 0x00000004e6500000, 0x00000004e6500000|100%| E|CS|TAMS 0x00000004e6400000, 0x00000004e6400000| Complete 

Card table byte_map: [0x0000014247a50000,0x0000014248240000] _byte_map_base: 0x0000014245394000

Marking Bits (Prev, Next): (CMBitMap*) 0x000001423395bc20, (CMBitMap*) 0x000001423395bbe8
 Prev Bits: [0x000001424c960000, 0x0000014250888000)
 Next Bits: [0x0000014248a30000, 0x000001424c958000)

Polling page: 0x0000014234a00000

Metaspace:

Usage:
  Non-class:     76.23 MB capacity,    75.28 MB ( 99%) used,   758.85 KB ( <1%) free+waste,   210.06 KB ( <1%) overhead. 
      Class:     11.25 MB capacity,    10.66 MB ( 95%) used,   513.88 KB (  4%) free+waste,    92.56 KB ( <1%) overhead. 
       Both:     87.48 MB capacity,    85.94 MB ( 98%) used,     1.24 MB (  1%) free+waste,   302.63 KB ( <1%) overhead. 

Virtual space:
  Non-class space:       78.00 MB reserved,      76.25 MB ( 98%) committed 
      Class space:        1.00 GB reserved,      11.38 MB (  1%) committed 
             Both:        1.08 GB reserved,      87.63 MB (  8%) committed 

Chunk freelists:
   Non-Class:  25.00 KB
       Class:  0 bytes
        Both:  25.00 KB

MaxMetaspaceSize: 17179869184.00 GB
CompressedClassSpaceSize: 1.00 GB
Initial GC threshold: 20.80 MB
Current GC threshold: 145.84 MB
CDS: off

CodeHeap 'non-profiled nmethods': size=119168Kb used=5549Kb max_used=5549Kb free=113619Kb
 bounds [0x000001423ee30000, 0x000001423f3a0000, 0x0000014246290000]
CodeHeap 'profiled nmethods': size=119168Kb used=22161Kb max_used=22161Kb free=97006Kb
 bounds [0x00000142379d0000, 0x0000014238f80000, 0x000001423ee30000]
CodeHeap 'non-nmethods': size=7424Kb used=3135Kb max_used=3283Kb free=4288Kb
 bounds [0x0000014237290000, 0x00000142375d0000, 0x00000142379d0000]
 total_blobs=9010 nmethods=8244 adapters=673
 compilation: enabled
              stopped_count=0, restarted_count=0
 full_count=0

Compilation events (20 events):
Event: 35.728 Thread 0x0000014257e2d000 nmethod 8489 0x0000014238f5fb10 code [0x0000014238f5fde0, 0x0000014238f60e18]
Event: 35.736 Thread 0x00000142548f4000 nmethod 8470 0x000001423f384a10 code [0x000001423f384c20, 0x000001423f385368]
Event: 35.738 Thread 0x00000142548f4000 8480       4       java.util.Calendar::internalSet (8 bytes)
Event: 35.740 Thread 0x00000142548f4000 nmethod 8480 0x000001423f385790 code [0x000001423f385920, 0x000001423f3859b8]
Event: 35.740 Thread 0x00000142548f4000 8466   !   4       com.comsol.model.data.DefaultSerializer::a (717 bytes)
Event: 35.742 Thread 0x00000142548f4000 nmethod 8466 0x000001423f385a90 code [0x000001423f385c20, 0x000001423f385c98]
Event: 35.759 Thread 0x0000014234063800 8492       3       java.lang.Class::privateGetPublicMethods (224 bytes)
Event: 35.760 Thread 0x0000014254de3000 8493       3       java.lang.PublicMethods$Key::equals (52 bytes)
Event: 35.760 Thread 0x00000142554f2000 8494       3       java.util.LinkedHashSet::<init> (10 bytes)
Event: 35.761 Thread 0x0000014254de3000 nmethod 8493 0x0000014238f61390 code [0x0000014238f61560, 0x0000014238f619a8]
Event: 35.762 Thread 0x0000014257e2d000 8495       3       java.lang.reflect.ProxyGenerator::dotToSlash (9 bytes)
Event: 35.763 Thread 0x00000142554f2000 nmethod 8494 0x0000014238f63110 code [0x0000014238f63320, 0x0000014238f63728]
Event: 35.764 Thread 0x0000014234063800 nmethod 8492 0x0000014238f61a90 code [0x0000014238f61d60, 0x0000014238f62a78]
Event: 35.764 Thread 0x0000014257e2d000 nmethod 8495 0x0000014238f63910 code [0x0000014238f63ac0, 0x0000014238f63be8]
Event: 35.766 Thread 0x00000142548f4000 8497       4       java.util.LinkedList::add (7 bytes)
Event: 35.767 Thread 0x0000014254de3000 8498       3       java.lang.PublicMethods$MethodList::filter (104 bytes)
Event: 35.772 Thread 0x0000014254de3000 nmethod 8498 0x0000014238f63c90 code [0x0000014238f63f00, 0x0000014238f64a98]
Event: 35.775 Thread 0x00000142554f2000 8501       3       org.jpype.manager.MethodResolution::isMoreSpecificThan (519 bytes)
Event: 35.776 Thread 0x0000014234063800 8503       3       org.jpype.manager.MethodResolution::<init> (498 bytes)
Event: 35.792 Thread 0x0000014234063800 nmethod 8503 0x0000014238f64f90 code [0x0000014238f65600, 0x0000014238f6be58]

GC Heap History (20 events):
Event: 30.118 GC heap before
{Heap before GC invocations=41 (full 22):
 garbage-first heap   total 145408K, used 115684K [0x00000004d7800000, 0x00000005d4200000)
  region size 1024K, 30 young (30720K), 0 survivors (0K)
 Metaspace       used 74370K, capacity 75420K, committed 75520K, reserved 1116160K
  class space    used 9245K, capacity 9644K, committed 9728K, reserved 1048576K
}
Event: 30.123 GC heap after
{Heap after GC invocations=42 (full 22):
 garbage-first heap   total 145408K, used 89102K [0x00000004d7800000, 0x00000005d4200000)
  region size 1024K, 4 young (4096K), 4 survivors (4096K)
 Metaspace       used 74370K, capacity 75420K, committed 75520K, reserved 1116160K
  class space    used 9245K, capacity 9644K, committed 9728K, reserved 1048576K
}
Event: 30.180 GC heap before
{Heap before GC invocations=42 (full 22):
 garbage-first heap   total 145408K, used 97294K [0x00000004d7800000, 0x00000005d4200000)
  region size 1024K, 13 young (13312K), 4 survivors (4096K)
 Metaspace       used 74666K, capacity 75723K, committed 75776K, reserved 1116160K
  class space    used 9270K, capacity 9680K, committed 9728K, reserved 1048576K
}
Event: 30.243 GC heap after
{Heap after GC invocations=43 (full 23):
 garbage-first heap   total 150528K, used 89004K [0x00000004d7800000, 0x00000005d4200000)
  region size 1024K, 0 young (0K), 0 survivors (0K)
 Metaspace       used 74666K, capacity 75723K, committed 75776K, reserved 1116160K
  class space    used 9270K, capacity 9680K, committed 9728K, reserved 1048576K
}
Event: 31.539 GC heap before
{Heap before GC invocations=43 (full 23):
 garbage-first heap   total 150528K, used 120748K [0x00000004d7800000, 0x00000005d4200000)
  region size 1024K, 31 young (31744K), 0 survivors (0K)
 Metaspace       used 79114K, capacity 80249K, committed 80384K, reserved 1120256K
  class space    used 9803K, capacity 10225K, committed 10240K, reserved 1048576K
}
Event: 31.542 GC heap after
{Heap after GC invocations=44 (full 23):
 garbage-first heap   total 150528K, used 91603K [0x00000004d7800000, 0x00000005d4200000)
  region size 1024K, 3 young (3072K), 3 survivors (3072K)
 Metaspace       used 79114K, capacity 80249K, committed 80384K, reserved 1120256K
  class space    used 9803K, capacity 10225K, committed 10240K, reserved 1048576K
}
Event: 32.912 GC heap before
{Heap before GC invocations=44 (full 23):
 garbage-first heap   total 150528K, used 122323K [0x00000004d7800000, 0x00000005d4200000)
  region size 1024K, 33 young (33792K), 3 survivors (3072K)
 Metaspace       used 83891K, capacity 85170K, committed 85504K, reserved 1124352K
  class space    used 10449K, capacity 10922K, committed 11008K, reserved 1048576K
}
Event: 32.922 GC heap after
{Heap after GC invocations=45 (full 23):
 garbage-first heap   total 150528K, used 93533K [0x00000004d7800000, 0x00000005d4200000)
  region size 1024K, 5 young (5120K), 5 survivors (5120K)
 Metaspace       used 83891K, capacity 85170K, committed 85504K, reserved 1124352K
  class space    used 10449K, capacity 10922K, committed 11008K, reserved 1048576K
}
Event: 33.585 GC heap before
{Heap before GC invocations=46 (full 23):
 garbage-first heap   total 150528K, used 123229K [0x00000004d7800000, 0x00000005d4200000)
  region size 1024K, 34 young (34816K), 5 survivors (5120K)
 Metaspace       used 85378K, capacity 86807K, committed 87040K, reserved 1124352K
  class space    used 10601K, capacity 11143K, committed 11264K, reserved 1048576K
}
Event: 33.592 GC heap after
{Heap after GC invocations=47 (full 23):
 garbage-first heap   total 242688K, used 95054K [0x00000004d7800000, 0x00000005d4200000)
  region size 1024K, 4 young (4096K), 4 survivors (4096K)
 Metaspace       used 85378K, capacity 86807K, committed 87040K, reserved 1124352K
  class space    used 10601K, capacity 11143K, committed 11264K, reserved 1048576K
}
Event: 33.626 GC heap before
{Heap before GC invocations=47 (full 23):
 garbage-first heap   total 242688K, used 95054K [0x00000004d7800000, 0x00000005d4200000)
  region size 1024K, 5 young (5120K), 4 survivors (4096K)
 Metaspace       used 85457K, capacity 86890K, committed 87040K, reserved 1124352K
  class space    used 10611K, capacity 11149K, committed 11264K, reserved 1048576K
}
Event: 33.696 GC heap after
{Heap after GC invocations=48 (full 24):
 garbage-first heap   total 242688K, used 93815K [0x00000004d7800000, 0x00000005d4200000)
  region size 1024K, 0 young (0K), 0 survivors (0K)
 Metaspace       used 85457K, capacity 86890K, committed 87040K, reserved 1124352K
  class space    used 10611K, capacity 11149K, committed 11264K, reserved 1048576K
}
Event: 33.729 GC heap before
{Heap before GC invocations=48 (full 24):
 garbage-first heap   total 242688K, used 94839K [0x00000004d7800000, 0x00000005d4200000)
  region size 1024K, 2 young (2048K), 0 survivors (0K)
 Metaspace       used 85477K, capacity 86959K, committed 87296K, reserved 1126400K
  class space    used 10612K, capacity 11149K, committed 11264K, reserved 1048576K
}
Event: 33.816 GC heap after
{Heap after GC invocations=49 (full 25):
 garbage-first heap   total 242688K, used 93924K [0x00000004d7800000, 0x00000005d4200000)
  region size 1024K, 0 young (0K), 0 survivors (0K)
 Metaspace       used 85477K, capacity 86959K, committed 87296K, reserved 1126400K
  class space    used 10612K, capacity 11149K, committed 11264K, reserved 1048576K
}
Event: 35.233 GC heap before
{Heap before GC invocations=49 (full 25):
 garbage-first heap   total 242688K, used 186084K [0x00000004d7800000, 0x00000005d4200000)
  region size 1024K, 90 young (92160K), 0 survivors (0K)
 Metaspace       used 87678K, capacity 89277K, committed 89344K, reserved 1126400K
  class space    used 10885K, capacity 11509K, committed 11520K, reserved 1048576K
}
Event: 35.237 GC heap after
{Heap after GC invocations=50 (full 25):
 garbage-first heap   total 242688K, used 97578K [0x00000004d7800000, 0x00000005d4200000)
  region size 1024K, 4 young (4096K), 4 survivors (4096K)
 Metaspace       used 87678K, capacity 89277K, committed 89344K, reserved 1126400K
  class space    used 10885K, capacity 11509K, committed 11520K, reserved 1048576K
}
Event: 35.280 GC heap before
{Heap before GC invocations=50 (full 25):
 garbage-first heap   total 242688K, used 107818K [0x00000004d7800000, 0x00000005d4200000)
  region size 1024K, 15 young (15360K), 4 survivors (4096K)
 Metaspace       used 87702K, capacity 89344K, committed 89600K, reserved 1128448K
  class space    used 10885K, capacity 11509K, committed 11520K, reserved 1048576K
}
Event: 35.374 GC heap after
{Heap after GC invocations=51 (full 26):
 garbage-first heap   total 242688K, used 95645K [0x00000004d7800000, 0x00000005d4200000)
  region size 1024K, 0 young (0K), 0 survivors (0K)
 Metaspace       used 87702K, capacity 89344K, committed 89600K, reserved 1128448K
  class space    used 10885K, capacity 11509K, committed 11520K, reserved 1048576K
}
Event: 35.424 GC heap before
{Heap before GC invocations=51 (full 26):
 garbage-first heap   total 242688K, used 97693K [0x00000004d7800000, 0x00000005d4200000)
  region size 1024K, 3 young (3072K), 0 survivors (0K)
 Metaspace       used 87735K, capacity 89360K, committed 89600K, reserved 1128448K
  class space    used 10890K, capacity 11514K, committed 11520K, reserved 1048576K
}
Event: 35.505 GC heap after
{Heap after GC invocations=52 (full 27):
 garbage-first heap   total 242688K, used 95598K [0x00000004d7800000, 0x00000005d4200000)
  region size 1024K, 0 young (0K), 0 survivors (0K)
 Metaspace       used 87735K, capacity 89360K, committed 89600K, reserved 1128448K
  class space    used 10890K, capacity 11514K, committed 11520K, reserved 1048576K
}

Deoptimization events (20 events):
Event: 35.670 Thread 0x000001423393b800 Uncommon trap: trap_request=0xffffffde fr.pc=0x000001423f318c40 relative=0x0000000000000520
Event: 35.671 Thread 0x000001423393b800 Uncommon trap: reason=class_check action=maybe_recompile pc=0x000001423f318c40 method=com.comsol.model.dbmodel.ModelEntityDb.getDerivedFrom()Lcom/comsol/model/dbimodel/ModelEntity; @ 50 c2
Event: 35.672 Thread 0x000001423393b800 DEOPT PACKING pc=0x000001423f318c40 sp=0x000000079e5e6d60
Event: 35.672 Thread 0x000001423393b800 DEOPT UNPACKING pc=0x00000142372985af sp=0x000000079e5e6d28 mode 2
Event: 35.672 Thread 0x000001423393b800 Uncommon trap: trap_request=0xffffffde fr.pc=0x000001423f318c40 relative=0x0000000000000520
Event: 35.673 Thread 0x000001423393b800 Uncommon trap: reason=class_check action=maybe_recompile pc=0x000001423f318c40 method=com.comsol.model.dbmodel.ModelEntityDb.getDerivedFrom()Lcom/comsol/model/dbimodel/ModelEntity; @ 50 c2
Event: 35.674 Thread 0x000001423393b800 DEOPT PACKING pc=0x000001423f318c40 sp=0x000000079e5e6d60
Event: 35.674 Thread 0x000001423393b800 DEOPT UNPACKING pc=0x00000142372985af sp=0x000000079e5e6d28 mode 2
Event: 35.683 Thread 0x000001423393b800 Uncommon trap: trap_request=0xffffffde fr.pc=0x000001423f318c40 relative=0x0000000000000520
Event: 35.684 Thread 0x000001423393b800 Uncommon trap: reason=class_check action=maybe_recompile pc=0x000001423f318c40 method=com.comsol.model.dbmodel.ModelEntityDb.getDerivedFrom()Lcom/comsol/model/dbimodel/ModelEntity; @ 50 c2
Event: 35.684 Thread 0x000001423393b800 DEOPT PACKING pc=0x000001423f318c40 sp=0x000000079e5e6d60
Event: 35.684 Thread 0x000001423393b800 DEOPT UNPACKING pc=0x00000142372985af sp=0x000000079e5e6d28 mode 2
Event: 35.766 Thread 0x000001423393b800 Uncommon trap: trap_request=0xffffff4d fr.pc=0x000001423eeebc40 relative=0x0000000000000560
Event: 35.766 Thread 0x000001423393b800 Uncommon trap: reason=unstable_if action=reinterpret pc=0x000001423eeebc40 method=java.lang.PublicMethods$MethodList.filter([Ljava/lang/reflect/Method;Ljava/lang/String;[Ljava/lang/Class;Z)Ljava/lang/PublicMethods$MethodList; @ 58 c2
Event: 35.767 Thread 0x000001423393b800 DEOPT PACKING pc=0x000001423eeebc40 sp=0x000000079e5e7c10
Event: 35.767 Thread 0x000001423393b800 DEOPT UNPACKING pc=0x00000142372985af sp=0x000000079e5e7bb0 mode 2
Event: 35.767 Thread 0x000001423393b800 Uncommon trap: trap_request=0xffffffbe fr.pc=0x000001423ee7a9ec relative=0x000000000000078c
Event: 35.768 Thread 0x000001423393b800 Uncommon trap: reason=profile_predicate action=maybe_recompile pc=0x000001423ee7a9ec method=java.lang.PublicMethods$MethodList.filter([Ljava/lang/reflect/Method;Ljava/lang/String;[Ljava/lang/Class;Z)Ljava/lang/PublicMethods$MethodList; @ 17 c2
Event: 35.768 Thread 0x000001423393b800 DEOPT PACKING pc=0x000001423ee7a9ec sp=0x000000079e5e7bf0
Event: 35.768 Thread 0x000001423393b800 DEOPT UNPACKING pc=0x00000142372985af sp=0x000000079e5e7bb8 mode 2

Classes redefined (0 events):
No events

Internal exceptions (20 events):
Event: 31.667 Thread 0x000001423393b800 Implicit null exception at 0x000001423f10379c to 0x000001423f10a158
Event: 32.074 Thread 0x000001423393b800 Implicit null exception at 0x000001423ee79175 to 0x000001423ee79344
Event: 32.973 Thread 0x000001423393b800 Exception <a 'java/lang/NoSuchMethodError'{0x00000004e08946d0}: 'java.lang.Object java.lang.invoke.DirectMethodHandle$Holder.invokeInterface(java.lang.Object, java.lang.Object, java.lang.Object)'> (0x00000004e08946d0) thrown at [./src/hotspot/share/interpreter/linkResolver.cpp, line 773]
Event: 33.096 Thread 0x000001423393b800 Exception <a 'java/lang/NoSuchMethodError'{0x00000004dfc83ae8}: 'void java.lang.invoke.DirectMethodHandle$Holder.invokeStatic(java.lang.Object, java.lang.Object, int, java.lang.Object)'> (0x00000004dfc83ae8) thrown at [./src/hotspot/share/interpreter/linkResolver.cpp, line 773]
Event: 33.275 Thread 0x000001423393b800 Implicit null exception at 0x000001423f2718f9 to 0x000001423f272b88
Event: 33.309 Thread 0x000001423393b800 Implicit null exception at 0x000001423f24c4f0 to 0x000001423f24c57c
Event: 33.366 Thread 0x000001423393b800 Exception <a 'java/lang/NoSuchMethodError'{0x00000004df3ea690}: 'int java.lang.invoke.DirectMethodHandle$Holder.invokeSpecialIFC(java.lang.Object, java.lang.Object, java.lang.Object)'> (0x00000004df3ea690) thrown at [./src/hotspot/share/interpreter/linkResolver.cpp, line 773]
Event: 33.426 Thread 0x000001423393b800 Implicit null exception at 0x000001423f27fc5d to 0x000001423f27febc
Event: 33.512 Thread 0x000001423393b800 Exception <a 'java/lang/NoSuchMethodError'{0x00000004defdda90}: 'java.lang.Object java.lang.invoke.Invokers$Holder.linkToTargetMethod(java.lang.Object, java.lang.Object, java.lang.Object, java.lang.Object, java.lang.Object, java.lang.Object, java.lang.Object)'> (0x00000004defdda90) thrown at [./src/hotspot/share/interpreter/linkResolver.cpp, line 773]
Event: 33.572 Thread 0x000001423393b800 Exception <a 'java/lang/NoSuchMethodError'{0x00000004dee7de40}: 'java.lang.Object java.lang.invoke.DirectMethodHandle$Holder.invokeStatic(java.lang.Object, java.lang.Object, int, java.lang.Object)'> (0x00000004dee7de40) thrown at [./src/hotspot/share/interpreter/linkResolver.cpp, line 773]
Event: 33.572 Thread 0x000001423393b800 Exception <a 'java/lang/NoSuchMethodError'{0x00000004dee817c0}: 'java.lang.Object java.lang.invoke.DirectMethodHandle$Holder.invokeSpecial(java.lang.Object, java.lang.Object, java.lang.Object, int, java.lang.Object)'> (0x00000004dee817c0) thrown at [./src/hotspot/share/interpreter/linkResolver.cpp, line 773]
Event: 33.572 Thread 0x000001423393b800 Exception <a 'java/lang/NoSuchMethodError'{0x00000004dee84828}: 'java.lang.Object java.lang.invoke.Invokers$Holder.linkToTargetMethod(java.lang.Object, int, java.lang.Object, java.lang.Object)'> (0x00000004dee84828) thrown at [./src/hotspot/share/interpreter/linkResolver.cpp, line 773]
Event: 33.575 Thread 0x000001423393b800 Exception <a 'java/lang/NoSuchMethodError'{0x00000004dee91280}: 'java.lang.Object java.lang.invoke.DirectMethodHandle$Holder.invokeSpecial(java.lang.Object, java.lang.Object, java.lang.Object, java.lang.Object, java.lang.Object, java.lang.Object, java.lang.Object, java.lang.Object, java.lang.Object)'> (0x00000004dee91280) thrown at [./src/hotspot/share/interpreter/linkResolver.cpp, line 773]
Event: 33.575 Thread 0x000001423393b800 Exception <a 'java/lang/NoSuchMethodError'{0x00000004dee951d0}: 'java.lang.Object java.lang.invoke.Invokers$Holder.linkToTargetMethod(java.lang.Object, java.lang.Object, java.lang.Object, java.lang.Object, java.lang.Object, java.lang.Object, java.lang.Object, java.lang.Object)'> (0x00000004dee951d0) thrown at [./src/hotspot/share/interpreter/linkResolver.cpp, line 773]
Event: 33.884 Thread 0x000001423393b800 Exception <a 'java/lang/NoSuchMethodError'{0x00000004e5ec9520}: 'int java.lang.invoke.DirectMethodHandle$Holder.invokeStatic(java.lang.Object, int, java.lang.Object, java.lang.Object)'> (0x00000004e5ec9520) thrown at [./src/hotspot/share/interpreter/linkResolver.cpp, line 773]
Event: 34.146 Thread 0x000001423393b800 Exception <a 'java/lang/NoSuchMethodError'{0x00000004e552e4c0}: 'java.lang.Object java.lang.invoke.DirectMethodHandle$Holder.invokeSpecialIFC(java.lang.Object, java.lang.Object, java.lang.Object)'> (0x00000004e552e4c0) thrown at [./src/hotspot/share/interpreter/linkResolver.cpp, line 773]
Event: 34.381 Thread 0x000001423393b800 Exception <a 'java/lang/NoSuchMethodError'{0x00000004e4882f60}: 'int java.lang.invoke.DirectMethodHandle$Holder.invokeStatic(java.lang.Object, java.lang.Object, java.lang.Object, java.lang.Object, java.lang.Object)'> (0x00000004e4882f60) thrown at [./src/hotspot/share/interpreter/linkResolver.cpp, line 773]
Event: 34.406 Thread 0x000001423393b800 Exception <a 'java/lang/NoSuchMethodError'{0x00000004e4891728}: 'java.lang.Object java.lang.invoke.DirectMethodHandle$Holder.invokeSpecialIFC(java.lang.Object, java.lang.Object, java.lang.Object, java.lang.Object, java.lang.Object)'> (0x00000004e4891728) thrown at [./src/hotspot/share/interpreter/linkResolver.cpp, line 773]
Event: 35.138 Thread 0x000001423393b800 Exception <a 'java/lang/NoSuchMethodError'{0x00000004e1f27738}: 'void java.lang.invoke.DirectMethodHandle$Holder.invokeStatic(java.lang.Object, java.lang.Object, java.lang.Object, java.lang.Object, java.lang.Object, java.lang.Object, java.lang.Object, java.lang.Object)'> (0x00000004e1f27738) thrown at [./src/hotspot/share/interpreter/linkResolver.cpp, line 773]
Event: 35.653 Thread 0x000001423393b800 Exception <a 'java/lang/NoSuchMethodError'{0x00000004e640d3e8}: 'void java.lang.invoke.DirectMethodHandle$Holder.invokeInterface(java.lang.Object, java.lang.Object)'> (0x00000004e640d3e8) thrown at [./src/hotspot/share/interpreter/linkResolver.cpp, line 773]

Events (20 events):
Event: 35.686 loading class com/comsol/model/util/MphZipFileReattacher
Event: 35.686 loading class com/comsol/model/util/MphZipFileReattacher done
Event: 35.689 loading class com/comsol/util/classes/FileManagerUtil$a
Event: 35.689 loading class com/comsol/util/classes/FileManagerUtil$a done
Event: 35.712 loading class java/nio/channels/FileChannel$MapMode
Event: 35.713 loading class java/nio/channels/FileChannel$MapMode done
Event: 35.713 loading class sun/nio/ch/FileChannelImpl$Unmapper
Event: 35.713 loading class sun/nio/ch/FileChannelImpl$Unmapper done
Event: 35.714 loading class sun/nio/ch/Util$4
Event: 35.714 loading class sun/nio/ch/Util$4 done
Event: 35.740 loading class com/comsol/model/impl/ModelImpl
Event: 35.740 loading class com/comsol/model/impl/ModelImpl done
Event: 35.751 loading class com/comsol/model/impl/AbstractModelImpl
Event: 35.751 loading class com/comsol/model/impl/AbstractModelImpl done
Event: 35.753 loading class com/comsol/model/impl/ModelEntityImpl
Event: 35.753 loading class com/comsol/model/impl/ModelEntityImpl done
Event: 35.754 loading class com/comsol/model/impl/PrimitiveModelEntityImpl
Event: 35.754 loading class com/comsol/model/impl/PrimitiveModelEntityImpl done
Event: 35.761 loading class com/comsol/util/classes/bh
Event: 35.761 loading class com/comsol/util/classes/bh done


Dynamic libraries:
0x00007ff79e390000 - 0x00007ff79e3ac000 	D:\anaconda3\envs\py39\python.exe
0x00007ff839710000 - 0x00007ff839924000 	C:\WINDOWS\SYSTEM32\ntdll.dll
0x00007ff838440000 - 0x00007ff838502000 	C:\WINDOWS\System32\KERNEL32.DLL
0x00007ff837160000 - 0x00007ff837503000 	C:\WINDOWS\System32\KERNELBASE.dll
0x00007ff836e30000 - 0x00007ff836f41000 	C:\WINDOWS\System32\ucrtbase.dll
0x00007fffc3580000 - 0x00007fffc39f6000 	D:\anaconda3\envs\py39\python39.dll
0x00007fffe3d90000 - 0x00007fffe3da9000 	D:\anaconda3\envs\py39\VCRUNTIME140.dll
0x00007ff839160000 - 0x00007ff8391d1000 	C:\WINDOWS\System32\WS2_32.dll
0x00007ff837c70000 - 0x00007ff837d87000 	C:\WINDOWS\System32\RPCRT4.dll
0x00007ff8309b0000 - 0x00007ff8309ba000 	C:\WINDOWS\SYSTEM32\VERSION.dll
0x00007ff838f50000 - 0x00007ff838ffe000 	C:\WINDOWS\System32\ADVAPI32.dll
0x00007ff839240000 - 0x00007ff8392e7000 	C:\WINDOWS\System32\msvcrt.dll
0x00007ff8379d0000 - 0x00007ff837a74000 	C:\WINDOWS\System32\sechost.dll
0x00007ff836340000 - 0x00007ff83635b000 	C:\WINDOWS\SYSTEM32\CRYPTSP.dll
0x00007ff835ab0000 - 0x00007ff835ae5000 	C:\WINDOWS\system32\rsaenh.dll
0x00007ff836360000 - 0x00007ff83636c000 	C:\WINDOWS\SYSTEM32\CRYPTBASE.dll
0x00007ff837010000 - 0x00007ff83708b000 	C:\WINDOWS\System32\bcryptPrimitives.dll
0x00007ff814e40000 - 0x00007ff814e4f000 	D:\anaconda3\envs\py39\python3.DLL
0x00007ff802f90000 - 0x00007ff802fa6000 	D:\anaconda3\envs\py39\DLLs\_socket.pyd
0x00007ff835610000 - 0x00007ff83563d000 	C:\WINDOWS\SYSTEM32\IPHLPAPI.DLL
0x00007ff808980000 - 0x00007ff80898a000 	D:\anaconda3\envs\py39\DLLs\select.pyd
0x00007fffe2b30000 - 0x00007fffe2b57000 	D:\anaconda3\envs\py39\DLLs\_ssl.pyd
0x00007ff836b30000 - 0x00007ff836c97000 	C:\WINDOWS\System32\CRYPT32.dll
0x00007fffd8930000 - 0x00007fffd89dd000 	D:\anaconda3\envs\py39\Library\bin\libssl-1_1-x64.dll
0x00007fffc3230000 - 0x00007fffc357e000 	D:\anaconda3\envs\py39\Library\bin\libcrypto-1_1-x64.dll
0x00007ff837a80000 - 0x00007ff837c2b000 	C:\WINDOWS\System32\USER32.dll
0x00007ff837090000 - 0x00007ff8370b6000 	C:\WINDOWS\System32\win32u.dll
0x00007ff839000000 - 0x00007ff839029000 	C:\WINDOWS\System32\GDI32.dll
0x00007ff836ca0000 - 0x00007ff836db8000 	C:\WINDOWS\System32\gdi32full.dll
0x00007ff8370c0000 - 0x00007ff83715a000 	C:\WINDOWS\System32\msvcp_win.dll
0x00007ff836500000 - 0x00007ff836528000 	C:\WINDOWS\SYSTEM32\bcrypt.dll
0x00007ff8385b0000 - 0x00007ff8385e1000 	C:\WINDOWS\System32\IMM32.DLL
0x00007fffe2af0000 - 0x00007fffe2b02000 	D:\anaconda3\envs\py39\DLLs\_asyncio.pyd
0x00007fffe2ae0000 - 0x00007fffe2aed000 	D:\anaconda3\envs\py39\DLLs\_overlapped.pyd
0x00007ff8360b0000 - 0x00007ff836119000 	C:\WINDOWS\system32\mswsock.dll
0x00007ff814e20000 - 0x00007ff814e37000 	D:\anaconda3\envs\py39\DLLs\_bz2.pyd
0x00007ff804070000 - 0x00007ff80409a000 	D:\anaconda3\envs\py39\DLLs\_lzma.pyd
0x00007ff804060000 - 0x00007ff804069000 	D:\anaconda3\envs\py39\DLLs\_queue.pyd
0x00007fffd8c10000 - 0x00007fffd8c1f000 	D:\anaconda3\envs\py39\lib\site-packages\zmq\backend\cython\_device.cp39-win_amd64.pyd
0x00007fffcee40000 - 0x00007fffceeb7000 	D:\anaconda3\envs\py39\Library\bin\libzmq-mt-4_3_4.dll
0x00007fffc6220000 - 0x00007fffc62b1000 	D:\anaconda3\envs\py39\MSVCP140.dll
0x00007fffd7ef0000 - 0x00007fffd7f3f000 	D:\anaconda3\envs\py39\Library\bin\libsodium.dll
0x00007fffd8600000 - 0x00007fffd860c000 	D:\anaconda3\envs\py39\VCRUNTIME140_1.dll
0x00007fffcf210000 - 0x00007fffcf221000 	D:\anaconda3\envs\py39\lib\site-packages\zmq\backend\cython\context.cp39-win_amd64.pyd
0x00007fffcef70000 - 0x00007fffcef91000 	D:\anaconda3\envs\py39\lib\site-packages\zmq\backend\cython\socket.cp39-win_amd64.pyd
0x00007fffcf1f0000 - 0x00007fffcf207000 	D:\anaconda3\envs\py39\lib\site-packages\zmq\backend\cython\message.cp39-win_amd64.pyd
0x00007fffcee20000 - 0x00007fffcee32000 	D:\anaconda3\envs\py39\lib\site-packages\zmq\backend\cython\_poll.cp39-win_amd64.pyd
0x00007fffd85f0000 - 0x00007fffd85fe000 	D:\anaconda3\envs\py39\lib\site-packages\zmq\backend\cython\_proxy_steerable.cp39-win_amd64.pyd
0x00007fffc6210000 - 0x00007fffc621a000 	D:\anaconda3\envs\py39\lib\site-packages\zmq\backend\cython\_version.cp39-win_amd64.pyd
0x00007fffc6200000 - 0x00007fffc620a000 	D:\anaconda3\envs\py39\lib\site-packages\zmq\backend\cython\error.cp39-win_amd64.pyd
0x00007fffc61f0000 - 0x00007fffc61fe000 	D:\anaconda3\envs\py39\lib\site-packages\zmq\backend\cython\utils.cp39-win_amd64.pyd
0x00007ff802f70000 - 0x00007ff802f81000 	D:\anaconda3\envs\py39\DLLs\_hashlib.pyd
0x00007fffe2ad0000 - 0x00007fffe2ad7000 	D:\anaconda3\envs\py39\lib\site-packages\tornado\speedups.pyd
0x00007fffe2b10000 - 0x00007fffe2b30000 	D:\anaconda3\envs\py39\DLLs\_ctypes.pyd
0x00007ff837830000 - 0x00007ff8379cc000 	C:\WINDOWS\System32\ole32.dll
0x00007ff802f60000 - 0x00007ff802f6b000 	D:\anaconda3\envs\py39\DLLs\libffi-7.dll
0x00007ff8392f0000 - 0x00007ff839679000 	C:\WINDOWS\System32\combase.dll
0x00007ff838e70000 - 0x00007ff838f47000 	C:\WINDOWS\System32\OLEAUT32.dll
0x00007fffdedf0000 - 0x00007fffdee33000 	D:\anaconda3\envs\py39\DLLs\_decimal.pyd
0x00007fffd8c20000 - 0x00007fffd8c28000 	D:\anaconda3\envs\py39\DLLs\_uuid.pyd
0x00007ff838670000 - 0x00007ff838e6a000 	C:\WINDOWS\System32\shell32.DLL
0x00007fffc61c0000 - 0x00007fffc61d6000 	D:\anaconda3\envs\py39\DLLs\_sqlite3.pyd
0x00007fffc3e50000 - 0x00007fffc3fbe000 	D:\anaconda3\envs\py39\Library\bin\sqlite3.dll
0x00007fffc62c0000 - 0x00007fffc63d4000 	D:\anaconda3\envs\py39\DLLs\unicodedata.pyd
0x00007ff80c9f0000 - 0x00007ff80ca05000 	D:\anaconda3\envs\py39\lib\site-packages\psutil\_psutil_windows.cp39-win_amd64.pyd
0x00007ff837c40000 - 0x00007ff837c48000 	C:\WINDOWS\System32\PSAPI.DLL
0x00007ff82a3f0000 - 0x00007ff82a440000 	C:\WINDOWS\SYSTEM32\pdh.dll
0x00007ff836060000 - 0x00007ff8360ad000 	C:\WINDOWS\SYSTEM32\POWRPROF.dll
0x00007ff835f90000 - 0x00007ff835fa3000 	C:\WINDOWS\SYSTEM32\UMPDC.dll
0x00007ff832d40000 - 0x00007ff832d54000 	C:\WINDOWS\SYSTEM32\wtsapi32.dll
0x00007fffd8c60000 - 0x00007fffd8c93000 	D:\anaconda3\envs\py39\DLLs\pyexpat.pyd
0x00007fffd8c30000 - 0x00007fffd8c54000 	D:\anaconda3\envs\py39\lib\site-packages\win32\win32api.pyd
0x00007fffd8900000 - 0x00007fffd8924000 	D:\anaconda3\envs\py39\lib\site-packages\win32\pywintypes39.dll
0x00007ff82a380000 - 0x00007ff82a38c000 	C:\WINDOWS\SYSTEM32\secur32.dll
0x00007ff835e10000 - 0x00007ff835e52000 	C:\WINDOWS\SYSTEM32\SSPICLI.DLL
0x00007fffe1340000 - 0x00007fffe1347000 	D:\anaconda3\envs\py39\lib\site-packages\win32\_win32sysloader.pyd
0x00007fffd8850000 - 0x00007fffd88ff000 	D:\anaconda3\envs\py39\lib\site-packages\win32\pythoncom39.dll
0x00007ff835b40000 - 0x00007ff835b58000 	C:\WINDOWS\SYSTEM32\kernel.appcore.dll
0x00007ff833cd0000 - 0x00007ff833d7b000 	C:\WINDOWS\system32\uxtheme.dll
0x00007ff820050000 - 0x00007ff82023f000 	C:\WINDOWS\SYSTEM32\urlmon.dll
0x00007ff826870000 - 0x00007ff826b21000 	C:\WINDOWS\SYSTEM32\iertutil.dll
0x00007ff835600000 - 0x00007ff83560c000 	C:\WINDOWS\SYSTEM32\netutils.dll
0x00007ff8284c0000 - 0x00007ff8284e8000 	C:\WINDOWS\SYSTEM32\srvcli.dll
0x00007fffc3040000 - 0x00007fffc309b000 	D:\anaconda3\envs\py39\lib\site-packages\debugpy\_vendored\pydevd\_pydevd_bundle\pydevd_cython.cp39-win_amd64.pyd
0x00007ff82e340000 - 0x00007ff82e348000 	C:\WINDOWS\system32\wshunix.dll
0x00007ff8385a0000 - 0x00007ff8385a9000 	C:\WINDOWS\System32\NSI.dll
0x00007ff831030000 - 0x00007ff831049000 	C:\WINDOWS\SYSTEM32\dhcpcsvc6.DLL
0x00007ff830aa0000 - 0x00007ff830abf000 	C:\WINDOWS\SYSTEM32\dhcpcsvc.DLL
0x00007ff835680000 - 0x00007ff835773000 	C:\WINDOWS\SYSTEM32\DNSAPI.dll
0x00007ff80d550000 - 0x00007ff80d576000 	D:\anaconda3\envs\py39\lib\site-packages\win32\win32security.pyd
0x00007ff82a440000 - 0x00007ff82a459000 	C:\WINDOWS\SYSTEM32\NETAPI32.dll
0x0000014232cf0000 - 0x0000014232cf3000 	C:\WINDOWS\SYSTEM32\security.dll
0x00007ff80ca10000 - 0x00007ff80ca3a000 	C:\WINDOWS\SYSTEM32\ntdsapi.dll
0x00007ff828bb0000 - 0x00007ff828bf3000 	C:\WINDOWS\SYSTEM32\LOGONCLI.DLL
0x00007fffc2090000 - 0x00007fffc23f3000 	D:\anaconda3\envs\py39\lib\site-packages\numpy\core\_multiarray_umath.cp39-win_amd64.pyd
0x00007fffbae60000 - 0x00007fffbc722000 	D:\anaconda3\envs\py39\Library\bin\libcblas.dll
0x00007fffc6160000 - 0x00007fffc6182000 	D:\anaconda3\envs\py39\lib\site-packages\numpy\core\_multiarray_tests.cp39-win_amd64.pyd
0x00007fffc6130000 - 0x00007fffc615e000 	D:\anaconda3\envs\py39\lib\site-packages\numpy\linalg\_umath_linalg.cp39-win_amd64.pyd
0x00007fffb7cc0000 - 0x00007fffb9582000 	D:\anaconda3\envs\py39\Library\bin\liblapack.dll
0x00007fffb9590000 - 0x00007fffbae52000 	D:\anaconda3\envs\py39\Library\bin\libblas.dll
0x00007fffc4a20000 - 0x00007fffc4a40000 	D:\anaconda3\envs\py39\lib\site-packages\numpy\fft\_pocketfft_internal.cp39-win_amd64.pyd
0x00007fffc3ad0000 - 0x00007fffc3b64000 	D:\anaconda3\envs\py39\lib\site-packages\numpy\random\mtrand.cp39-win_amd64.pyd
0x00007fffc47c0000 - 0x00007fffc47ea000 	D:\anaconda3\envs\py39\lib\site-packages\numpy\random\bit_generator.cp39-win_amd64.pyd
0x00007fffc3e10000 - 0x00007fffc3e41000 	D:\anaconda3\envs\py39\lib\site-packages\numpy\random\_common.cp39-win_amd64.pyd
0x00007fffc3a80000 - 0x00007fffc3ac2000 	D:\anaconda3\envs\py39\lib\site-packages\numpy\random\_bounded_integers.cp39-win_amd64.pyd
0x00007fffc4a00000 - 0x00007fffc4a18000 	D:\anaconda3\envs\py39\lib\site-packages\numpy\random\_mt19937.cp39-win_amd64.pyd
0x00007fffc47a0000 - 0x00007fffc47b7000 	D:\anaconda3\envs\py39\lib\site-packages\numpy\random\_philox.cp39-win_amd64.pyd
0x00007fffc3df0000 - 0x00007fffc3e09000 	D:\anaconda3\envs\py39\lib\site-packages\numpy\random\_pcg64.cp39-win_amd64.pyd
0x00007fffc3a60000 - 0x00007fffc3a72000 	D:\anaconda3\envs\py39\lib\site-packages\numpy\random\_sfc64.cp39-win_amd64.pyd
0x00007fffc3170000 - 0x00007fffc3221000 	D:\anaconda3\envs\py39\lib\site-packages\numpy\random\_generator.cp39-win_amd64.pyd
0x00007fffb4860000 - 0x00007fffb7cbb000 	D:\anaconda3\envs\py39\Library\bin\mkl_intel_thread.2.dll
0x00007fffafd70000 - 0x00007fffb485a000 	D:\anaconda3\envs\py39\Library\bin\mkl_core.2.dll
0x00007fffac5a0000 - 0x00007fffafd6c000 	D:\anaconda3\envs\py39\Library\bin\mkl_avx512.2.dll
0x00007fffab790000 - 0x00007fffac597000 	D:\anaconda3\envs\py39\Library\bin\mkl_vml_avx512.2.dll
0x00007ff80c790000 - 0x00007ff80c804000 	D:\anaconda3\envs\py39\lib\site-packages\_jpype.cp39-win_amd64.pyd
0x00007fffc10b0000 - 0x00007fffc1c2e000 	D:\COMOL\COMSOL60\Multiphysics\java\win64\jre\bin\server\jvm.dll
0x00007ff829c90000 - 0x00007ff829cc4000 	C:\WINDOWS\SYSTEM32\WINMM.dll
0x00007ff8301d0000 - 0x00007ff8301d9000 	C:\WINDOWS\SYSTEM32\WSOCK32.dll
0x00007ff815060000 - 0x00007ff815070000 	D:\COMOL\COMSOL60\Multiphysics\java\win64\jre\bin\verify.dll
0x00007ff834500000 - 0x00007ff83472e000 	C:\WINDOWS\SYSTEM32\DBGHELP.DLL
0x00007ff830180000 - 0x00007ff8301b2000 	C:\WINDOWS\SYSTEM32\dbgcore.DLL
0x00007ff80c760000 - 0x00007ff80c788000 	D:\COMOL\COMSOL60\Multiphysics\java\win64\jre\bin\java.dll
0x00007ff80c750000 - 0x00007ff80c75a000 	D:\COMOL\COMSOL60\Multiphysics\java\win64\jre\bin\jimage.dll
0x00007ff80c730000 - 0x00007ff80c747000 	D:\COMOL\COMSOL60\Multiphysics\java\win64\jre\bin\zip.dll
0x00007ff834ae0000 - 0x00007ff8353ae000 	C:\WINDOWS\SYSTEM32\windows.storage.dll
0x00007ff8349a0000 - 0x00007ff834ade000 	C:\WINDOWS\SYSTEM32\wintypes.dll
0x00007ff837e40000 - 0x00007ff837f31000 	C:\WINDOWS\System32\SHCORE.dll
0x00007ff8377d0000 - 0x00007ff83782e000 	C:\WINDOWS\System32\shlwapi.dll

dbghelp: loaded successfully - version: 4.0.5 - missing functions: none
symbol engine: initialized successfully - sym options: 0x614 - pdb path: .;D:\anaconda3\envs\py39;C:\WINDOWS\SYSTEM32;D:\anaconda3\envs\py39\DLLs;D:\anaconda3\envs\py39\Library\bin;D:\anaconda3\envs\py39\lib\site-packages\zmq\backend\cython;D:\anaconda3\envs\py39\lib\site-packages\tornado;D:\anaconda3\envs\py39\lib\site-packages\psutil;D:\anaconda3\envs\py39\lib\site-packages\win32;D:\anaconda3\envs\py39\lib\site-packages\debugpy\_vendored\pydevd\_pydevd_bundle;D:\anaconda3\envs\py39\lib\site-packages\numpy\core;D:\anaconda3\envs\py39\lib\site-packages\numpy\linalg;D:\anaconda3\envs\py39\lib\site-packages\numpy\fft;D:\anaconda3\envs\py39\lib\site-packages\numpy\random;D:\anaconda3\envs\py39\lib\site-packages;D:\COMOL\COMSOL60\Multiphysics\java\win64\jre\bin\server;D:\COMOL\COMSOL60\Multiphysics\java\win64\jre\bin;D:\COMOL\COMSOL60\Multiphysics\lib\win64;D:\COMOL\COMSOL60\Multiphysics\bin\win64;D:\COMOL\COMSOL60\Multiphysics\ext\graphicsmagick\win64;C:\WINDOWS\WinSxS\amd64_microsoft.windows.common-controls_6595b64144ccf1df_6.0.22621.1635_none_270f70857386168e

VM Arguments:
java_command: <unknown>
java_class_path (initial): D:\COMOL\COMSOL60\Multiphysics\plugins\aopalliance-repackaged-2.6.1.jar;D:\COMOL\COMSOL60\Multiphysics\plugins\com.comsol.acdc_1.0.0.jar;D:\COMOL\COMSOL60\Multiphysics\plugins\com.comsol.aco_1.0.0.jar;D:\COMOL\COMSOL60\Multiphysics\plugins\com.comsol.api_1.0.0.jar;D:\COMOL\COMSOL60\Multiphysics\plugins\com.comsol.applapi_1.0.0.jar;D:\COMOL\COMSOL60\Multiphysics\plugins\com.comsol.application_1.0.0.jar;D:\COMOL\COMSOL60\Multiphysics\plugins\com.comsol.archiveutil_1.0.0.jar;D:\COMOL\COMSOL60\Multiphysics\plugins\com.comsol.batch_1.0.0.jar;D:\COMOL\COMSOL60\Multiphysics\plugins\com.comsol.bfc_1.0.0.jar;D:\COMOL\COMSOL60\Multiphysics\plugins\com.comsol.bridge_1.0.0.jar;D:\COMOL\COMSOL60\Multiphysics\plugins\com.comsol.cfd_1.0.0.jar;D:\COMOL\COMSOL60\Multiphysics\plugins\com.comsol.chem_1.0.0.jar;D:\COMOL\COMSOL60\Multiphysics\plugins\com.comsol.clientapi_1.0.0.jar;D:\COMOL\COMSOL60\Multiphysics\plugins\com.comsol.client_1.0.0.jar;D:\COMOL\COMSOL60\Multiphysics\plugins\com.comsol.cluster_1.0.0.jar;D:\COMOL\COMSOL60\Multiphysics\plugins\com.comsol.communication_1.0.0.jar;D:\COMOL\COMSOL60\Multiphysics\plugins\com.comsol.compatemf_1.0.0.jar;D:\COMOL\COMSOL60\Multiphysics\plugins\com.comsol.core_1.0.0.jar;D:\COMOL\COMSOL60\Multiphysics\plugins\com.comsol.dbmigration_1.0.0.jar;D:\COMOL\COMSOL60\Multiphysics\plugins\com.comsol.dbutil_1.0.0.jar;D:\COMOL\COMSOL60\Multiphysics\plugins\com.comsol.design_1.0.0.jar;D:\COMOL\COMSOL60\Multiphysics\plugins\com.comsol.doc_1.0.0.jar;D:\COMOL\COMSOL60\Multiphysics\plugins\com.comsol.ecad_1.0.0.jar;D:\COMOL\COMSOL60\Multiphysics\plugins\com.comsol.excel_1.0.0.jar;D:\COMOL\COMSOL60\Multiphysics\plugins\com.comsol.extbridge_1.0.0.jar;D:\COMOL\COMSOL60\Multiphysics\plugins\com.comsol.extint_1.0.0.jar;D:\COMOL\COMSOL60\Multiphysics\plugins\com.comsol.extjar_1.0.0.jar;D:\COMOL\COMSOL60\Multiphysics\plugins\com.comsol.geommesh_1.0.0.jar;D:\COMOL\COMSOL60\Multiphysics\plugins\com.comsol.granular_1.0.0.jar;D:\COMOL\CO
Launcher Type: generic

[Global flags]
     intx CICompilerCount                          = 12                                        {product} {ergonomic}
     uint ConcGCThreads                            = 3                                         {product} {ergonomic}
     uint G1ConcRefinementThreads                  = 13                                        {product} {ergonomic}
   size_t G1HeapRegionSize                         = 1048576                                   {product} {ergonomic}
    uintx GCDrainStackTargetSize                   = 64                                        {product} {ergonomic}
   size_t InitialHeapSize                          = 266338304                                 {product} {ergonomic}
   size_t MarkStackSize                            = 4194304                                   {product} {ergonomic}
   size_t MaxHeapSize                              = 4238344192                                {product} {ergonomic}
   size_t MaxNewSize                               = 2542796800                                {product} {ergonomic}
   size_t MinHeapDeltaBytes                        = 1048576                                   {product} {ergonomic}
    uintx NonNMethodCodeHeapSize                   = 7594288                                {pd product} {ergonomic}
    uintx NonProfiledCodeHeapSize                  = 122031976                              {pd product} {ergonomic}
    uintx ProfiledCodeHeapSize                     = 122031976                              {pd product} {ergonomic}
    uintx ReservedCodeCacheSize                    = 251658240                              {pd product} {ergonomic}
     bool SegmentedCodeCache                       = true                                      {product} {ergonomic}
     bool UseCompressedClassPointers               = true                                 {lp64_product} {ergonomic}
     bool UseCompressedOops                        = true                                 {lp64_product} {ergonomic}
     bool UseG1GC                                  = true                                      {product} {ergonomic}
     bool UseLargePagesIndividualAllocation        = false                                  {pd product} {ergonomic}

Logging:
Log output configuration:
 #0: stdout all=warning uptime,level,tags
 #1: stderr all=off uptime,level,tags

Environment Variables:
PATH=D:\COMOL\COMSOL60\Multiphysics\java\win64\jre\bin;D:\anaconda3\envs\py39;D:\anaconda3\envs\py39\Library\mingw-w64\bin;D:\anaconda3\envs\py39\Library\usr\bin;D:\anaconda3\envs\py39\Library\bin;D:\anaconda3\envs\py39\Scripts;D:\anaconda3\envs\py39\bin;D:\anaconda3\condabin;D:\anaconda3;D:\anaconda3\Library\mingw-w64\bin;D:\anaconda3\Library\usr\bin;D:\anaconda3\Library\bin;D:\anaconda3\Scripts;D:\anaconda3;D:\anaconda3\Library\mingw-w64\bin;D:\anaconda3\Library\usr\bin;D:\anaconda3\Library\bin;D:\anaconda3\Scripts;C:\Program Files (x86)\VMware\VMware Workstation\bin;C:\Windows\system32;C:\Windows;C:\Windows\System32\Wbem;C:\Windows\System32\WindowsPowerShell\v1.0;C:\Windows\System32\OpenSSH;C:\Program Files (x86)\NVIDIA Corporation\PhysX\Common;C:\WINDOWS\system32;C:\WINDOWS;C:\WINDOWS\System32\Wbem;C:\WINDOWS\System32\WindowsPowerShell\v1.0;C:\WINDOWS\System32\OpenSSH;D:\anaconda1\Scripts;D:\Program Files\MATLAB\R2021a\runtime\win64;D:\Program Files\MATLAB\R2021a\bin;C:\Program Files (x86)\NetSarang\Xshell 7;C:\Program Files (x86)\NetSarang\Xftp 7;C:\Users\13153\AppData\Local\Microsoft\WindowsApps;.;D:\pycharm\PyCharm 2022.2.2\bin;.;D:\pyc\PyCharm Community Edition 2022.2.2\bin;.
USERNAME=13153
OS=Windows_NT
PROCESSOR_IDENTIFIER=Intel64 Family 6 Model 167 Stepping 1, GenuineIntel



---------------  S Y S T E M  ---------------

OS: Windows 10 , 64 bit Build 22621 (10.0.22621.1635)
OS uptime: 0 days 10:38 hours
Hyper-V role detected

CPU:total 16 (initial active 16) (8 cores per cpu, 2 threads per core) family 6 model 167 stepping 1 microcode 0x2c, cmov, cx8, fxsr, mmx, sse, sse2, sse3, ssse3, sse4.1, sse4.2, popcnt, avx, avx2, aes, clmul, erms, 3dnowpref, lzcnt, ht, tsc, tscinvbit, bmi1, bmi2, adx, evex, sha, fma

Memory: 4k page, system-wide physical 16161M (8024M free)
TotalPageFile size 41761M (AvailPageFile size 31846M)
current process WorkingSet (physical memory assigned to process): 630M, peak: 664M
current process commit charge ("private bytes"): 684M, peak: 732M

vm_info: OpenJDK 64-Bit Server VM (11.0.13+8) for windows-amd64 JRE (11.0.13+8), built on Oct 19 2021 17:05:59 by "" with unknown MS VC++:1916

END.
